ERROR - 2022-01-04 02:38:04 --> Received request{"quantity":"5","unitPrice":"45.00","cardNumber":"5424000000000015","cardHolderName":"Sonu agrawal","cvv":"999","expiryDate":"09\/25","email":"designervka@gmail.com","address1":"101 Bhartat vihar","address2":"","city":"Jaipur","state":"IN","zip":"30202","promocode":"42","productName":"Ear Natural\u00ae ear drops","productDesc":"Truly a miraculous OTC medicine for ear-infections, so common among children.","shippingCharge":"4.95","shippingAddress1":"101 Bhartat vihar","shippingAddress2":"","shippingCity":"Jaipur","shippingState":"IN","shippingZip":"30202","optradio":"Same"}
INFO - 2022-01-04 02:38:04 --> get_customer_info Received request{"cardHolderName":"Sonu agrawal","email":"designervka@gmail.com","address1":"101 Bhartat vihar","address2":"","city":"Jaipur","state":"IN","zip":"30202","promocode":"42","shippingAddress1":"101 Bhartat vihar","shippingAddress2":"","shippingCity":"Jaipur","shippingState":"IN","shippingZip":"30202"}
INFO - 2022-01-04 02:38:04 --> get_credit_card_info Received request{"customerId":68,"cardHolderName":"Sonu agrawal","cardNumber":"5424000000000015","cvv":"999","expiryDate":"09\/25"}
INFO - 2022-01-04 02:38:05 --> Cusotmer Email sent
INFO - 2022-01-04 02:38:06 --> Admin Email sent
ERROR - 2022-01-04 02:40:17 --> Received request{"quantity":"8","unitPrice":"45.00","cardNumber":"5424000000000015","cardHolderName":"Vishnu Kumar ","cvv":"999","expiryDate":"11\/25","email":"designervka@gmail.com","address1":"101 Bhartat vihar","address2":"","city":"Jaipur","state":"ME","zip":"30202","promocode":"42","productName":"Ear Natural\u00ae ear drops","productDesc":"Truly a miraculous OTC medicine for ear-infections, so common among children.","shippingCharge":"4.95","shippingAddress1":"101 Bhartat vihar","shippingAddress2":"","shippingCity":"Jaipur","shippingState":"ME","shippingZip":"30202","optradio":"Same"}
INFO - 2022-01-04 02:40:17 --> get_customer_info Received request{"cardHolderName":"Vishnu Kumar ","email":"designervka@gmail.com","address1":"101 Bhartat vihar","address2":"","city":"Jaipur","state":"ME","zip":"30202","promocode":"42","shippingAddress1":"101 Bhartat vihar","shippingAddress2":"","shippingCity":"Jaipur","shippingState":"ME","shippingZip":"30202"}
INFO - 2022-01-04 02:40:17 --> get_credit_card_info Received request{"customerId":69,"cardHolderName":"Vishnu Kumar ","cardNumber":"5424000000000015","cvv":"999","expiryDate":"11\/25"}
INFO - 2022-01-04 02:40:17 --> Cusotmer Email sent
INFO - 2022-01-04 02:40:18 --> Admin Email sent
ERROR - 2022-01-04 02:42:32 --> Received request{"quantity":"9","unitPrice":"45.00","cardNumber":"5424000000000015","cardHolderName":"Vishnu kumar Garg","cvv":"999","expiryDate":"09\/25","email":"designervka@gmail.com","address1":"101 Bhartat vihar","address2":"","city":"Jaipur","state":"IN","zip":"30202","promocode":"42","productName":"Ear Natural\u00ae ear drops","productDesc":"Truly a miraculous OTC medicine for ear-infections, so common among children.","shippingCharge":"4.95","shippingAddress1":"101 Bhartat vihar","shippingAddress2":"","shippingCity":"Jaipur","shippingState":"IN","shippingZip":"30202","optradio":"Same"}
INFO - 2022-01-04 02:42:32 --> get_customer_info Received request{"cardHolderName":"Vishnu kumar Garg","email":"designervka@gmail.com","address1":"101 Bhartat vihar","address2":"","city":"Jaipur","state":"IN","zip":"30202","promocode":"42","shippingAddress1":"101 Bhartat vihar","shippingAddress2":"","shippingCity":"Jaipur","shippingState":"IN","shippingZip":"30202"}
INFO - 2022-01-04 02:42:32 --> get_credit_card_info Received request{"customerId":70,"cardHolderName":"Vishnu kumar Garg","cardNumber":"5424000000000015","cvv":"999","expiryDate":"09\/25"}
INFO - 2022-01-04 02:42:33 --> Cusotmer Email sent
INFO - 2022-01-04 02:42:33 --> Admin Email sent
ERROR - 2022-01-04 03:03:01 --> Received request{"quantity":"8","unitPrice":"45.00","cardNumber":"5424000000000015","cardHolderName":"Vishnu kumar Garg","cvv":"999","expiryDate":"11\/25","email":"designervka@gmail.com","address1":"101 Bhartat vihar","address2":"Jamdoli","city":"Jaipur","state":"ID","zip":"30202","promocode":"42","productName":"Ear Natural\u00ae ear drops","productDesc":"Truly a miraculous OTC medicine for ear-infections, so common among children.","shippingCharge":"4.95","shippingAddress1":"101 Bhartat vihar","shippingAddress2":"Jamdoli","shippingCity":"Jaipur","shippingState":"ID","shippingZip":"30202","optradio":"Same"}
INFO - 2022-01-04 03:03:01 --> get_customer_info Received request{"cardHolderName":"Vishnu kumar Garg","email":"designervka@gmail.com","address1":"101 Bhartat vihar","address2":"Jamdoli","city":"Jaipur","state":"ID","zip":"30202","promocode":"42","shippingAddress1":"101 Bhartat vihar","shippingAddress2":"Jamdoli","shippingCity":"Jaipur","shippingState":"ID","shippingZip":"30202"}
INFO - 2022-01-04 03:03:01 --> get_credit_card_info Received request{"customerId":71,"cardHolderName":"Vishnu kumar Garg","cardNumber":"5424000000000015","cvv":"999","expiryDate":"11\/25"}
INFO - 2022-01-04 03:03:02 --> Cusotmer Email sent
INFO - 2022-01-04 03:03:02 --> Admin Email sent
ERROR - 2022-01-04 03:05:37 --> Received request{"quantity":"2","unitPrice":"45.00","cardNumber":"5424000000000015","cardHolderName":"Pawan","cvv":"999","expiryDate":"09\/25","email":"designervka@gmail.com","address1":"101 Bhartat vihar","address2":"Jamdoli","city":"Jaipur","state":"AL","zip":"30202","promocode":"31","productName":"Ear Natural\u00ae ear drops","productDesc":"Truly a miraculous OTC medicine for ear-infections, so common among children.","shippingCharge":"4.95","shippingAddress1":"101 Bhartat vihar","shippingAddress2":"Jamdoli","shippingCity":"Jaipur","shippingState":"AL","shippingZip":"30202","optradio":"Same"}
INFO - 2022-01-04 03:05:37 --> get_customer_info Received request{"cardHolderName":"Pawan","email":"designervka@gmail.com","address1":"101 Bhartat vihar","address2":"Jamdoli","city":"Jaipur","state":"AL","zip":"30202","promocode":"31","shippingAddress1":"101 Bhartat vihar","shippingAddress2":"Jamdoli","shippingCity":"Jaipur","shippingState":"AL","shippingZip":"30202"}
INFO - 2022-01-04 03:05:37 --> get_credit_card_info Received request{"customerId":72,"cardHolderName":"Pawan","cardNumber":"5424000000000015","cvv":"999","expiryDate":"09\/25"}
INFO - 2022-01-04 03:05:38 --> Cusotmer Email sent
INFO - 2022-01-04 03:05:38 --> Admin Email sent
