ERROR - 2021-12-27 22:51:48 --> Received request{"quantity":"5","unitPrice":"45.00","cardNumber":"5424000000000015","cardHolderName":"Naresh","cvv":"999","expiryDate":"12\/25","email":"naresh.khuriwal89@gmail.com","address1":"Plot No 34,, Vrindavan Vihar C","address2":"Vrindavan Vihar Colony Ninder ","city":"JAIPUR","state":"CT","zip":"30201","promocode":"42","productName":"Ear Natural\u00ae ear drops","productDesc":"Truly a miraculous OTC medicine for ear-infections, so common among children.","shippingCharge":"4.95","shippingAddress1":"Plot No 34,, Vrindavan Vihar C","shippingAddress2":"Vrindavan Vihar Colony Ninder ","shippingCity":"JAIPUR","shippingState":"CT","shippingZip":"30201","optradio":"Same"}
INFO - 2021-12-27 22:51:48 --> get_customer_info Received request{"cardHolderName":"Naresh","email":"naresh.khuriwal89@gmail.com","address1":"Plot No 34,, Vrindavan Vihar C","address2":"Vrindavan Vihar Colony Ninder ","city":"JAIPUR","state":"CT","zip":"30201","promocode":"42","shippingAddress1":"Plot No 34,, Vrindavan Vihar C","shippingAddress2":"Vrindavan Vihar Colony Ninder ","shippingCity":"JAIPUR","shippingState":"CT","shippingZip":"30201"}
INFO - 2021-12-27 22:51:48 --> get_credit_card_info Received request{"customerId":54,"cardHolderName":"Naresh","cardNumber":"5424000000000015","cvv":"999","expiryDate":"12\/25"}
ERROR - 2021-12-27 22:52:49 --> Received request{"quantity":"5","unitPrice":"45.00","cardNumber":"5424000000000015","cardHolderName":"Naresh","cvv":"999","expiryDate":"12\/25","email":"naresh.khuriwal89@gmail.com","address1":"Plot No 34,, Vrindavan","address2":"Vrindavan Vihar Colony","city":"JAIPUR","state":"CT","zip":"30201","promocode":"42","productName":"Ear Natural\u00ae ear drops","productDesc":"Truly a miraculous OTC medicine for ear-infections, so common among children.","shippingCharge":"4.95","shippingAddress1":"Plot No 34,, Vrindavan","shippingAddress2":"Vrindavan Vihar Colony","shippingCity":"JAIPUR","shippingState":"CT","shippingZip":"30201","optradio":"Same"}
INFO - 2021-12-27 22:52:49 --> get_customer_info Received request{"cardHolderName":"Naresh","email":"naresh.khuriwal89@gmail.com","address1":"Plot No 34,, Vrindavan","address2":"Vrindavan Vihar Colony","city":"JAIPUR","state":"CT","zip":"30201","promocode":"42","shippingAddress1":"Plot No 34,, Vrindavan","shippingAddress2":"Vrindavan Vihar Colony","shippingCity":"JAIPUR","shippingState":"CT","shippingZip":"30201"}
INFO - 2021-12-27 22:52:49 --> get_credit_card_info Received request{"customerId":55,"cardHolderName":"Naresh","cardNumber":"5424000000000015","cvv":"999","expiryDate":"12\/25"}
INFO - 2021-12-27 22:52:50 --> Cusotmer Email sent
INFO - 2021-12-27 22:52:50 --> Admin Email sent
CRITICAL - 2021-12-27 23:33:54 --> Undefined index: name
#0 /home/tchandipg/public_html/staging.earnatural.com/app/Views/templates/admin.php(68): CodeIgniter\Debug\Exceptions->errorHandler(8, 'Undefined index...', '/home/tchandipg...', 68, Array)
#1 /home/tchandipg/public_html/staging.earnatural.com/vendor/codeigniter4/framework/system/View/View.php(214): include('/home/tchandipg...')
#2 /home/tchandipg/public_html/staging.earnatural.com/vendor/codeigniter4/framework/system/View/View.php(217): CodeIgniter\View\View->CodeIgniter\View\{closure}()
#3 /home/tchandipg/public_html/staging.earnatural.com/vendor/codeigniter4/framework/system/Common.php(1097): CodeIgniter\View\View->render('templates/admin', Array, true)
#4 /home/tchandipg/public_html/staging.earnatural.com/app/Controllers/Home.php(20): view('templates/admin', Array)
#5 /home/tchandipg/public_html/staging.earnatural.com/vendor/codeigniter4/framework/system/CodeIgniter.php(824): App\Controllers\Home->admin()
#6 /home/tchandipg/public_html/staging.earnatural.com/vendor/codeigniter4/framework/system/CodeIgniter.php(410): CodeIgniter\CodeIgniter->runController(Object(App\Controllers\Home))
#7 /home/tchandipg/public_html/staging.earnatural.com/vendor/codeigniter4/framework/system/CodeIgniter.php(318): CodeIgniter\CodeIgniter->handleRequest(NULL, Object(Config\Cache), false)
#8 /home/tchandipg/public_html/staging.earnatural.com/index.php(37): CodeIgniter\CodeIgniter->run()
#9 {main}
ERROR - 2021-12-27 23:34:56 --> Received request{"quantity":"5","unitPrice":"45.00","cardNumber":"5424000000000015","cardHolderName":"Naresh","cvv":"999","expiryDate":"12\/25","email":"naresh.khuriwal89@gmail.com","address1":"Plot No 34,, Vrindavan","address2":"","city":"JAIPUR","state":"DC","zip":"30201","promocode":"42","productName":"Ear Natural\u00ae ear drops","productDesc":"Truly a miraculous OTC medicine for ear-infections, so common among children.","shippingCharge":"4.95","shippingAddress1":"Plot No 34,, Vrindavan","shippingAddress2":"","shippingCity":"JAIPUR","shippingState":"DC","shippingZip":"30201","optradio":"Same"}
INFO - 2021-12-27 23:34:56 --> get_customer_info Received request{"cardHolderName":"Naresh","email":"naresh.khuriwal89@gmail.com","address1":"Plot No 34,, Vrindavan","address2":"","city":"JAIPUR","state":"DC","zip":"30201","promocode":"42","shippingAddress1":"Plot No 34,, Vrindavan","shippingAddress2":"","shippingCity":"JAIPUR","shippingState":"DC","shippingZip":"30201"}
INFO - 2021-12-27 23:34:56 --> get_credit_card_info Received request{"customerId":56,"cardHolderName":"Naresh","cardNumber":"5424000000000015","cvv":"999","expiryDate":"12\/25"}
CRITICAL - 2021-12-27 23:34:56 --> Undefined offset: 0
#0 /home/tchandipg/public_html/staging.earnatural.com/app/Controllers/Payment.php(125): CodeIgniter\Debug\Exceptions->errorHandler(8, 'Undefined offse...', '/home/tchandipg...', 125, Array)
#1 /home/tchandipg/public_html/staging.earnatural.com/vendor/codeigniter4/framework/system/CodeIgniter.php(824): App\Controllers\Payment->chargeCreditCard()
#2 /home/tchandipg/public_html/staging.earnatural.com/vendor/codeigniter4/framework/system/CodeIgniter.php(410): CodeIgniter\CodeIgniter->runController(Object(App\Controllers\Payment))
#3 /home/tchandipg/public_html/staging.earnatural.com/vendor/codeigniter4/framework/system/CodeIgniter.php(318): CodeIgniter\CodeIgniter->handleRequest(NULL, Object(Config\Cache), false)
#4 /home/tchandipg/public_html/staging.earnatural.com/index.php(37): CodeIgniter\CodeIgniter->run()
#5 {main}
ERROR - 2021-12-27 23:36:42 --> Received request{"quantity":"5","unitPrice":"45.00","cardNumber":"5424000000000015","cardHolderName":"Naresh","cvv":"999","expiryDate":"12\/25","email":"naresh.khuriwal89@gmail.com","address1":"Plot No 34,, Vrindavan","address2":"","city":"JAIPUR","state":"CA","zip":"30201","promocode":"42","productName":"Ear Natural\u00ae ear drops","productDesc":"Truly a miraculous OTC medicine for ear-infections, so common among children.","shippingCharge":"4.95","shippingAddress1":"Plot No 34,, Vrindavan","shippingAddress2":"","shippingCity":"JAIPUR","shippingState":"CA","shippingZip":"30201","optradio":"Same"}
INFO - 2021-12-27 23:36:42 --> get_customer_info Received request{"cardHolderName":"Naresh","email":"naresh.khuriwal89@gmail.com","address1":"Plot No 34,, Vrindavan","address2":"","city":"JAIPUR","state":"CA","zip":"30201","promocode":"42","shippingAddress1":"Plot No 34,, Vrindavan","shippingAddress2":"","shippingCity":"JAIPUR","shippingState":"CA","shippingZip":"30201"}
INFO - 2021-12-27 23:36:42 --> get_credit_card_info Received request{"customerId":57,"cardHolderName":"Naresh","cardNumber":"5424000000000015","cvv":"999","expiryDate":"12\/25"}
CRITICAL - 2021-12-27 23:36:42 --> Undefined index: subTotal
#0 /home/tchandipg/public_html/staging.earnatural.com/app/Views/templates/customer.php(73): CodeIgniter\Debug\Exceptions->errorHandler(8, 'Undefined index...', '/home/tchandipg...', 73, Array)
#1 /home/tchandipg/public_html/staging.earnatural.com/vendor/codeigniter4/framework/system/View/View.php(214): include('/home/tchandipg...')
#2 /home/tchandipg/public_html/staging.earnatural.com/vendor/codeigniter4/framework/system/View/View.php(217): CodeIgniter\View\View->CodeIgniter\View\{closure}()
#3 /home/tchandipg/public_html/staging.earnatural.com/vendor/codeigniter4/framework/system/Common.php(1097): CodeIgniter\View\View->render('templates/custo...', Array, true)
#4 /home/tchandipg/public_html/staging.earnatural.com/app/Libraries/Utils.php(413): view('templates/custo...', Array)
#5 /home/tchandipg/public_html/staging.earnatural.com/app/Controllers/Payment.php(165): App\Libraries\Utils->sendMailToCustomer(Object(stdClass), Array, Array, 57)
#6 /home/tchandipg/public_html/staging.earnatural.com/vendor/codeigniter4/framework/system/CodeIgniter.php(824): App\Controllers\Payment->chargeCreditCard()
#7 /home/tchandipg/public_html/staging.earnatural.com/vendor/codeigniter4/framework/system/CodeIgniter.php(410): CodeIgniter\CodeIgniter->runController(Object(App\Controllers\Payment))
#8 /home/tchandipg/public_html/staging.earnatural.com/vendor/codeigniter4/framework/system/CodeIgniter.php(318): CodeIgniter\CodeIgniter->handleRequest(NULL, Object(Config\Cache), false)
#9 /home/tchandipg/public_html/staging.earnatural.com/index.php(37): CodeIgniter\CodeIgniter->run()
#10 {main}
ERROR - 2021-12-27 23:38:57 --> Received request{"quantity":"5","unitPrice":"45.00","cardNumber":"5424000000000015","cardHolderName":"Naresh","cvv":"999","expiryDate":"12\/25","email":"naresh.khuriwal89@gmail.com","address1":"Plot No 34,, Vrindavan","address2":"","city":"JAIPUR","state":"FL","zip":"30201","promocode":"42","productName":"Ear Natural\u00ae ear drops","productDesc":"Truly a miraculous OTC medicine for ear-infections, so common among children.","shippingCharge":"4.95","shippingAddress1":"Plot No 34,, Vrindavan","shippingAddress2":"","shippingCity":"JAIPUR","shippingState":"FL","shippingZip":"30201","optradio":"Same"}
INFO - 2021-12-27 23:38:57 --> get_customer_info Received request{"cardHolderName":"Naresh","email":"naresh.khuriwal89@gmail.com","address1":"Plot No 34,, Vrindavan","address2":"","city":"JAIPUR","state":"FL","zip":"30201","promocode":"42","shippingAddress1":"Plot No 34,, Vrindavan","shippingAddress2":"","shippingCity":"JAIPUR","shippingState":"FL","shippingZip":"30201"}
INFO - 2021-12-27 23:38:57 --> get_credit_card_info Received request{"customerId":58,"cardHolderName":"Naresh","cardNumber":"5424000000000015","cvv":"999","expiryDate":"12\/25"}
INFO - 2021-12-27 23:38:57 --> Cusotmer Email sent
INFO - 2021-12-27 23:38:58 --> Admin Email sent
ERROR - 2021-12-27 23:41:53 --> Received request{"quantity":"5","unitPrice":"45.00","cardNumber":"5424000000000015","cardHolderName":"Naresh","cvv":"999","expiryDate":"12\/25","email":"naresh.khuriwal89@gmail.com","address1":"Plot No 34 Vrindavan","address2":"","city":"JAIPUR","state":"HI","zip":"30201","promocode":"32","productName":"Ear Natural\u00ae ear drops","productDesc":"Truly a miraculous OTC medicine for ear-infections, so common among children.","shippingCharge":"4.95","shippingAddress1":"Plot No 34 Vrindavan","shippingAddress2":"","shippingCity":"JAIPUR","shippingState":"HI","shippingZip":"30201","optradio":"Same"}
INFO - 2021-12-27 23:41:53 --> get_customer_info Received request{"cardHolderName":"Naresh","email":"naresh.khuriwal89@gmail.com","address1":"Plot No 34 Vrindavan","address2":"","city":"JAIPUR","state":"HI","zip":"30201","promocode":"32","shippingAddress1":"Plot No 34 Vrindavan","shippingAddress2":"","shippingCity":"JAIPUR","shippingState":"HI","shippingZip":"30201"}
INFO - 2021-12-27 23:41:53 --> get_credit_card_info Received request{"customerId":59,"cardHolderName":"Naresh","cardNumber":"5424000000000015","cvv":"999","expiryDate":"12\/25"}
INFO - 2021-12-27 23:41:54 --> Cusotmer Email sent
INFO - 2021-12-27 23:41:54 --> Admin Email sent
ERROR - 2021-12-27 23:48:02 --> Received request{"quantity":"6","unitPrice":"45.00","cardNumber":"5424000000000015","cardHolderName":"Sonu agrawal","cvv":"999","expiryDate":"09\/25","email":"designervka@gmail.com","address1":"47, Gayatri green city","address2":"","city":"Jaipur","state":"IN","zip":"30202","promocode":"42","productName":"Ear Natural\u00ae ear drops","productDesc":"Truly a miraculous OTC medicine for ear-infections, so common among children.","shippingCharge":"4.95","shippingAddress1":"47, Gayatri green city","shippingAddress2":"","shippingCity":"Jaipur","shippingState":"IN","shippingZip":"30202","optradio":"Same"}
INFO - 2021-12-27 23:48:02 --> get_customer_info Received request{"cardHolderName":"Sonu agrawal","email":"designervka@gmail.com","address1":"47, Gayatri green city","address2":"","city":"Jaipur","state":"IN","zip":"30202","promocode":"42","shippingAddress1":"47, Gayatri green city","shippingAddress2":"","shippingCity":"Jaipur","shippingState":"IN","shippingZip":"30202"}
INFO - 2021-12-27 23:48:02 --> get_credit_card_info Received request{"customerId":60,"cardHolderName":"Sonu agrawal","cardNumber":"5424000000000015","cvv":"999","expiryDate":"09\/25"}
INFO - 2021-12-27 23:48:03 --> Cusotmer Email sent
INFO - 2021-12-27 23:48:03 --> Admin Email sent
ERROR - 2021-12-27 23:55:07 --> Received request{"quantity":"5","unitPrice":"45.00","cardNumber":"5424000000000015","cardHolderName":"Vishnu kumar Garg","cvv":"999","expiryDate":"09\/25","email":"designervka@gmail.com","address1":"101,103 london home","address2":"","city":"Jaipur","state":"ME","zip":"30202","promocode":"31","productName":"Ear Natural\u00ae ear drops","productDesc":"Truly a miraculous OTC medicine for ear-infections, so common among children.","shippingCharge":"4.95","shippingAddress1":"47, GAYATRI GREEN CITY","shippingAddress2":"","shippingCity":"Jaipur","shippingState":"KY","shippingZip":"30202","optradio":"different"}
INFO - 2021-12-27 23:55:07 --> get_customer_info Received request{"cardHolderName":"Vishnu kumar Garg","email":"designervka@gmail.com","address1":"101,103 london home","address2":"","city":"Jaipur","state":"ME","zip":"30202","promocode":"31","shippingAddress1":"47, GAYATRI GREEN CITY","shippingAddress2":"","shippingCity":"Jaipur","shippingState":"KY","shippingZip":"30202"}
INFO - 2021-12-27 23:55:07 --> get_credit_card_info Received request{"customerId":61,"cardHolderName":"Vishnu kumar Garg","cardNumber":"5424000000000015","cvv":"999","expiryDate":"09\/25"}
INFO - 2021-12-27 23:55:07 --> Cusotmer Email sent
INFO - 2021-12-27 23:55:07 --> Admin Email sent
