ERROR - 2022-01-06 05:29:40 --> Received request{"quantity":"1","unitPrice":"45.00","cardNumber":"5424000000000015","cardHolderName":"Naresh khuriwal","cvv":"999","expiryDate":"09\/25","email":"mathurp@opallios.com","address1":"A-224, Residential Colony","address2":"RIICO","city":"Jhunjhunu","state":"AZ","zip":"95131","promocode":"32","productName":"Ear Natural\u00ae ear drops","productDesc":"Truly a miraculous OTC medicine for ear-infections, so common among children.","shippingCharge":"4.95","shippingAddress1":"A-224, Residential Colony","shippingAddress2":"RIICO","shippingCity":"Jhunjhunu","shippingState":"AZ","shippingZip":"95131","optradio":"Same"}
INFO - 2022-01-06 05:29:40 --> get_customer_info Received request{"cardHolderName":"Naresh khuriwal","email":"mathurp@opallios.com","address1":"A-224, Residential Colony","address2":"RIICO","city":"Jhunjhunu","state":"AZ","zip":"95131","promocode":"32","shippingAddress1":"A-224, Residential Colony","shippingAddress2":"RIICO","shippingCity":"Jhunjhunu","shippingState":"AZ","shippingZip":"95131"}
INFO - 2022-01-06 05:29:40 --> get_credit_card_info Received request{"customerId":73,"cardHolderName":"Naresh khuriwal","cardNumber":"5424000000000015","cvv":"999","expiryDate":"09\/25"}
CRITICAL - 2022-01-06 05:29:41 --> Cannot use object of type stdClass as array
#0 /home/tchandipg/public_html/earnatural.com/app/Controllers/Payment.php(165): App\Libraries\Utils->sendMailToCustomer(Object(stdClass), Array, Array, 73)
#1 /home/tchandipg/public_html/earnatural.com/vendor/codeigniter4/framework/system/CodeIgniter.php(824): App\Controllers\Payment->chargeCreditCard()
#2 /home/tchandipg/public_html/earnatural.com/vendor/codeigniter4/framework/system/CodeIgniter.php(410): CodeIgniter\CodeIgniter->runController(Object(App\Controllers\Payment))
#3 /home/tchandipg/public_html/earnatural.com/vendor/codeigniter4/framework/system/CodeIgniter.php(318): CodeIgniter\CodeIgniter->handleRequest(NULL, Object(Config\Cache), false)
#4 /home/tchandipg/public_html/earnatural.com/index.php(37): CodeIgniter\CodeIgniter->run()
#5 {main}
ERROR - 2022-01-06 05:30:42 --> Received request{"quantity":"1","unitPrice":"45.00","cardNumber":"5424000000000015","cardHolderName":"Naresh khuriwal","cvv":"999","expiryDate":"12\/25","email":"mathurp@opallios.com","address1":"A-224","address2":"Jhunjhunu","city":"Jaipur","state":"AZ","zip":"30201","promocode":"32","productName":"Ear Natural\u00ae ear drops","productDesc":"Truly a miraculous OTC medicine for ear-infections, so common among children.","shippingCharge":"4.95","shippingAddress1":"A-224","shippingAddress2":"Jhunjhunu","shippingCity":"Jaipur","shippingState":"AZ","shippingZip":"30201","optradio":"Same"}
INFO - 2022-01-06 05:30:42 --> get_customer_info Received request{"cardHolderName":"Naresh khuriwal","email":"mathurp@opallios.com","address1":"A-224","address2":"Jhunjhunu","city":"Jaipur","state":"AZ","zip":"30201","promocode":"32","shippingAddress1":"A-224","shippingAddress2":"Jhunjhunu","shippingCity":"Jaipur","shippingState":"AZ","shippingZip":"30201"}
INFO - 2022-01-06 05:30:42 --> get_credit_card_info Received request{"customerId":74,"cardHolderName":"Naresh khuriwal","cardNumber":"5424000000000015","cvv":"999","expiryDate":"12\/25"}
CRITICAL - 2022-01-06 05:30:42 --> Cannot use object of type stdClass as array
#0 /home/tchandipg/public_html/earnatural.com/app/Controllers/Payment.php(165): App\Libraries\Utils->sendMailToCustomer(Object(stdClass), Array, Array, 74)
#1 /home/tchandipg/public_html/earnatural.com/vendor/codeigniter4/framework/system/CodeIgniter.php(824): App\Controllers\Payment->chargeCreditCard()
#2 /home/tchandipg/public_html/earnatural.com/vendor/codeigniter4/framework/system/CodeIgniter.php(410): CodeIgniter\CodeIgniter->runController(Object(App\Controllers\Payment))
#3 /home/tchandipg/public_html/earnatural.com/vendor/codeigniter4/framework/system/CodeIgniter.php(318): CodeIgniter\CodeIgniter->handleRequest(NULL, Object(Config\Cache), false)
#4 /home/tchandipg/public_html/earnatural.com/index.php(37): CodeIgniter\CodeIgniter->run()
#5 {main}
ERROR - 2022-01-06 05:33:47 --> Received request{"quantity":"1","unitPrice":"45.00","cardNumber":"5424000000000015","cardHolderName":"Naresh khuriwal","cvv":"999","expiryDate":"12\/25","email":"mathurp@opallios.com","address1":"A-224","address2":"Jhunjhunu","city":"Jaipur","state":"AR","zip":"30201","promocode":"31","productName":"Ear Natural\u00ae ear drops","productDesc":"Truly a miraculous OTC medicine for ear-infections, so common among children.","shippingCharge":"4.95","shippingAddress1":"A-224","shippingAddress2":"Jhunjhunu","shippingCity":"Jaipur","shippingState":"AR","shippingZip":"30201","optradio":"different"}
INFO - 2022-01-06 05:33:47 --> get_customer_info Received request{"cardHolderName":"Naresh khuriwal","email":"mathurp@opallios.com","address1":"A-224","address2":"Jhunjhunu","city":"Jaipur","state":"AR","zip":"30201","promocode":"31","shippingAddress1":"A-224","shippingAddress2":"Jhunjhunu","shippingCity":"Jaipur","shippingState":"AR","shippingZip":"30201"}
INFO - 2022-01-06 05:33:47 --> get_credit_card_info Received request{"customerId":75,"cardHolderName":"Naresh khuriwal","cardNumber":"5424000000000015","cvv":"999","expiryDate":"12\/25"}
INFO - 2022-01-06 05:33:48 --> Cusotmer Email sent
INFO - 2022-01-06 05:33:48 --> Admin Email sent
