ERROR - 2021-12-24 03:13:29 --> Received request{"quantity":"1","unitPrice":"20.00","cardNumber":"5424000000000015","cardHolderName":"Naresh k","cvv":"999","expiryDate":"12\/25","email":"kuriwaln@opallios.com","address1":"A-224","address2":"ddd","city":"Jaipur","state":"AR","zip":"30201","promocode":"31","productName":"Ear Natural\u00ae ear drops","productDesc":"Truly a miraculous OTC medicine for ear-infections, so common among children.","shippingCharge":"4.95","shippingAddress1":"A-224","shippingAddress2":"ddd","shippingCity":"Jaipur","shippingState":"AR","shippingZip":"30201","optradio":"Same"}
INFO - 2021-12-24 03:13:29 --> get_customer_info Received request{"cardHolderName":"Naresh k","email":"kuriwaln@opallios.com","address1":"A-224","address2":"ddd","city":"Jaipur","state":"AR","zip":"30201","promocode":"31","shippingAddress1":"A-224","shippingAddress2":"ddd","shippingCity":"Jaipur","shippingState":"AR","shippingZip":"30201"}
INFO - 2021-12-24 03:13:29 --> get_credit_card_info Received request{"customerId":13,"cardHolderName":"Naresh k","cardNumber":"5424000000000015","cvv":"999","expiryDate":"12\/25"}
CRITICAL - 2021-12-24 03:13:30 --> Undefined property: App\Entities\CreateTransactionResponse::$refId
#0 /home/tchandipg/public_html/staging.earnatural.com/app/Controllers/Payment.php(151): CodeIgniter\Debug\Exceptions->errorHandler(8, 'Undefined prope...', '/home/tchandipg...', 151, Array)
#1 /home/tchandipg/public_html/staging.earnatural.com/vendor/codeigniter4/framework/system/CodeIgniter.php(824): App\Controllers\Payment->chargeCreditCard()
#2 /home/tchandipg/public_html/staging.earnatural.com/vendor/codeigniter4/framework/system/CodeIgniter.php(410): CodeIgniter\CodeIgniter->runController(Object(App\Controllers\Payment))
#3 /home/tchandipg/public_html/staging.earnatural.com/vendor/codeigniter4/framework/system/CodeIgniter.php(318): CodeIgniter\CodeIgniter->handleRequest(NULL, Object(Config\Cache), false)
#4 /home/tchandipg/public_html/staging.earnatural.com/index.php(37): CodeIgniter\CodeIgniter->run()
#5 {main}
ERROR - 2021-12-24 03:17:46 --> Received request{"quantity":"1","unitPrice":"20.00","cardNumber":"5424000000000015","cardHolderName":"Naresh k","cvv":"999","expiryDate":"12\/25","email":"kuriwaln@opallios.com","address1":"A-224","address2":"ddd","city":"Jaipur","state":"AR","zip":"30201","promocode":"31","productName":"Ear Natural\u00ae ear drops","productDesc":"Truly a miraculous OTC medicine for ear-infections, so common among children.","shippingCharge":"4.95","shippingAddress1":"A-224","shippingAddress2":"ddd","shippingCity":"Jaipur","shippingState":"AR","shippingZip":"30201","optradio":"Same"}
INFO - 2021-12-24 03:17:46 --> get_customer_info Received request{"cardHolderName":"Naresh k","email":"kuriwaln@opallios.com","address1":"A-224","address2":"ddd","city":"Jaipur","state":"AR","zip":"30201","promocode":"31","shippingAddress1":"A-224","shippingAddress2":"ddd","shippingCity":"Jaipur","shippingState":"AR","shippingZip":"30201"}
INFO - 2021-12-24 03:17:46 --> get_credit_card_info Received request{"customerId":14,"cardHolderName":"Naresh k","cardNumber":"5424000000000015","cvv":"999","expiryDate":"12\/25"}
ERROR - 2021-12-24 03:28:29 --> Received request{"quantity":"1","unitPrice":"20.00","cardNumber":"5424000000000015","cardHolderName":"Naresh k","cvv":"999","expiryDate":"12\/25","email":"kuriwaln@opallios.com","address1":"A-224","address2":"ddd","city":"Jaipur","state":"AR","zip":"30201","promocode":"31","productName":"Ear Natural\u00ae ear drops","productDesc":"Truly a miraculous OTC medicine for ear-infections, so common among children.","shippingCharge":"4.95","shippingAddress1":"A-224","shippingAddress2":"ddd","shippingCity":"Jaipur","shippingState":"AR","shippingZip":"30201","optradio":"Same"}
INFO - 2021-12-24 03:28:29 --> get_customer_info Received request{"cardHolderName":"Naresh k","email":"kuriwaln@opallios.com","address1":"A-224","address2":"ddd","city":"Jaipur","state":"AR","zip":"30201","promocode":"31","shippingAddress1":"A-224","shippingAddress2":"ddd","shippingCity":"Jaipur","shippingState":"AR","shippingZip":"30201"}
INFO - 2021-12-24 03:28:29 --> get_credit_card_info Received request{"customerId":15,"cardHolderName":"Naresh k","cardNumber":"5424000000000015","cvv":"999","expiryDate":"12\/25"}
ERROR - 2021-12-24 03:30:27 --> Received request{"quantity":"1","unitPrice":"20.00","cardNumber":"5424000000000015","cardHolderName":"Naresh k","cvv":"999","expiryDate":"12\/25","email":"kuriwaln@opallios.com","address1":"A-224","address2":"ddd","city":"Jaipur","state":"AR","zip":"30201","promocode":"31","productName":"Ear Natural\u00ae ear drops","productDesc":"Truly a miraculous OTC medicine for ear-infections, so common among children.","shippingCharge":"4.95","shippingAddress1":"A-224","shippingAddress2":"ddd","shippingCity":"Jaipur","shippingState":"AR","shippingZip":"30201","optradio":"Same"}
INFO - 2021-12-24 03:30:27 --> get_customer_info Received request{"cardHolderName":"Naresh k","email":"kuriwaln@opallios.com","address1":"A-224","address2":"ddd","city":"Jaipur","state":"AR","zip":"30201","promocode":"31","shippingAddress1":"A-224","shippingAddress2":"ddd","shippingCity":"Jaipur","shippingState":"AR","shippingZip":"30201"}
INFO - 2021-12-24 03:30:27 --> get_credit_card_info Received request{"customerId":16,"cardHolderName":"Naresh k","cardNumber":"5424000000000015","cvv":"999","expiryDate":"12\/25"}
ERROR - 2021-12-24 03:32:26 --> Received request{"quantity":"1","unitPrice":"20.00","cardNumber":"5424000000000415","cardHolderName":"Naresh k","cvv":"999","expiryDate":"12\/25","email":"kuriwaln@opallios.com","address1":"A-224","address2":"ddd","city":"Jaipur","state":"AR","zip":"30201","promocode":"31","productName":"Ear Natural\u00ae ear drops","productDesc":"Truly a miraculous OTC medicine for ear-infections, so common among children.","shippingCharge":"4.95","shippingAddress1":"A-224","shippingAddress2":"ddd","shippingCity":"Jaipur","shippingState":"AR","shippingZip":"30201","optradio":"Same"}
INFO - 2021-12-24 03:32:26 --> get_customer_info Received request{"cardHolderName":"Naresh k","email":"kuriwaln@opallios.com","address1":"A-224","address2":"ddd","city":"Jaipur","state":"AR","zip":"30201","promocode":"31","shippingAddress1":"A-224","shippingAddress2":"ddd","shippingCity":"Jaipur","shippingState":"AR","shippingZip":"30201"}
INFO - 2021-12-24 03:32:26 --> get_credit_card_info Received request{"customerId":17,"cardHolderName":"Naresh k","cardNumber":"5424000000000415","cvv":"999","expiryDate":"12\/25"}
CRITICAL - 2021-12-24 03:32:26 --> Argument 1 passed to App\Entities\TransactionResponseType::addToErrors() must be an instance of TransactionResponseType\ErrorsAType\ErrorAType, instance of App\Entities\TransactionResponseType\ErrorsAType\ErrorAType given, called in /home/tchandipg/public_html/staging.earnatural.com/app/Entities/TransactionResponseType.php on line 902
#0 /home/tchandipg/public_html/staging.earnatural.com/app/Entities/TransactionResponseType.php(902): App\Entities\TransactionResponseType->addToErrors(Object(App\Entities\TransactionResponseType\ErrorsAType\ErrorAType))
#1 /home/tchandipg/public_html/staging.earnatural.com/app/Entities/CreateTransactionResponse.php(101): App\Entities\TransactionResponseType->set(Array)
#2 /home/tchandipg/public_html/staging.earnatural.com/app/Controllers/base/ApiOperationBase.php(157): App\Entities\CreateTransactionResponse->set(Array)
#3 /home/tchandipg/public_html/staging.earnatural.com/app/Controllers/base/ApiOperationBase.php(109): App\Controllers\base\ApiOperationBase->execute('https://apitest...')
#4 /home/tchandipg/public_html/staging.earnatural.com/app/Controllers/Payment.php(134): App\Controllers\base\ApiOperationBase->executeWithApiResponse('https://apitest...')
#5 /home/tchandipg/public_html/staging.earnatural.com/vendor/codeigniter4/framework/system/CodeIgniter.php(824): App\Controllers\Payment->chargeCreditCard()
#6 /home/tchandipg/public_html/staging.earnatural.com/vendor/codeigniter4/framework/system/CodeIgniter.php(410): CodeIgniter\CodeIgniter->runController(Object(App\Controllers\Payment))
#7 /home/tchandipg/public_html/staging.earnatural.com/vendor/codeigniter4/framework/system/CodeIgniter.php(318): CodeIgniter\CodeIgniter->handleRequest(NULL, Object(Config\Cache), false)
#8 /home/tchandipg/public_html/staging.earnatural.com/index.php(37): CodeIgniter\CodeIgniter->run()
#9 {main}
ERROR - 2021-12-24 04:02:59 --> Received request{"quantity":"1","unitPrice":"20.00","cardNumber":"5424000000000415","cardHolderName":"Naresh k","cvv":"999","expiryDate":"12\/25","email":"kuriwaln@opallios.com","address1":"A-224","address2":"ddd","city":"Jaipur","state":"AR","zip":"30201","promocode":"31","productName":"Ear Natural\u00ae ear drops","productDesc":"Truly a miraculous OTC medicine for ear-infections, so common among children.","shippingCharge":"4.95","shippingAddress1":"A-224","shippingAddress2":"ddd","shippingCity":"Jaipur","shippingState":"AR","shippingZip":"30201","optradio":"Same"}
INFO - 2021-12-24 04:02:59 --> get_customer_info Received request{"cardHolderName":"Naresh k","email":"kuriwaln@opallios.com","address1":"A-224","address2":"ddd","city":"Jaipur","state":"AR","zip":"30201","promocode":"31","shippingAddress1":"A-224","shippingAddress2":"ddd","shippingCity":"Jaipur","shippingState":"AR","shippingZip":"30201"}
INFO - 2021-12-24 04:02:59 --> get_credit_card_info Received request{"customerId":18,"cardHolderName":"Naresh k","cardNumber":"5424000000000415","cvv":"999","expiryDate":"12\/25"}
ERROR - 2021-12-24 04:04:13 --> Received request{"quantity":"1","unitPrice":"20.00","cardNumber":"5424000000000415","cardHolderName":"Naresh k","cvv":"999","expiryDate":"12\/25","email":"kuriwaln@opallios.com","address1":"A-224","address2":"ddd","city":"Jaipur","state":"AR","zip":"30201","promocode":"31","productName":"Ear Natural\u00ae ear drops","productDesc":"Truly a miraculous OTC medicine for ear-infections, so common among children.","shippingCharge":"4.95","shippingAddress1":"A-224","shippingAddress2":"ddd","shippingCity":"Jaipur","shippingState":"AR","shippingZip":"30201","optradio":"Same"}
INFO - 2021-12-24 04:04:13 --> get_customer_info Received request{"cardHolderName":"Naresh k","email":"kuriwaln@opallios.com","address1":"A-224","address2":"ddd","city":"Jaipur","state":"AR","zip":"30201","promocode":"31","shippingAddress1":"A-224","shippingAddress2":"ddd","shippingCity":"Jaipur","shippingState":"AR","shippingZip":"30201"}
INFO - 2021-12-24 04:04:13 --> get_credit_card_info Received request{"customerId":19,"cardHolderName":"Naresh k","cardNumber":"5424000000000415","cvv":"999","expiryDate":"12\/25"}
ERROR - 2021-12-24 04:04:23 --> Received request{"quantity":"1","unitPrice":"20.00","cardNumber":"5424000000000415","cardHolderName":"Naresh k","cvv":"999","expiryDate":"12\/25","email":"kuriwaln@opallios.com","address1":"A-224","address2":"ddd","city":"Jaipur","state":"AR","zip":"30201","promocode":"31","productName":"Ear Natural\u00ae ear drops","productDesc":"Truly a miraculous OTC medicine for ear-infections, so common among children.","shippingCharge":"4.95","shippingAddress1":"A-224","shippingAddress2":"ddd","shippingCity":"Jaipur","shippingState":"AR","shippingZip":"30201","optradio":"Same"}
INFO - 2021-12-24 04:04:23 --> get_customer_info Received request{"cardHolderName":"Naresh k","email":"kuriwaln@opallios.com","address1":"A-224","address2":"ddd","city":"Jaipur","state":"AR","zip":"30201","promocode":"31","shippingAddress1":"A-224","shippingAddress2":"ddd","shippingCity":"Jaipur","shippingState":"AR","shippingZip":"30201"}
INFO - 2021-12-24 04:04:23 --> get_credit_card_info Received request{"customerId":20,"cardHolderName":"Naresh k","cardNumber":"5424000000000415","cvv":"999","expiryDate":"12\/25"}
ERROR - 2021-12-24 04:04:33 --> Received request{"quantity":"1","unitPrice":"20.00","cardNumber":"5424000000000015","cardHolderName":"Naresh k","cvv":"999","expiryDate":"12\/25","email":"kuriwaln@opallios.com","address1":"A-224","address2":"ddd","city":"Jaipur","state":"AR","zip":"30201","promocode":"31","productName":"Ear Natural\u00ae ear drops","productDesc":"Truly a miraculous OTC medicine for ear-infections, so common among children.","shippingCharge":"4.95","shippingAddress1":"A-224","shippingAddress2":"ddd","shippingCity":"Jaipur","shippingState":"AR","shippingZip":"30201","optradio":"Same"}
INFO - 2021-12-24 04:04:33 --> get_customer_info Received request{"cardHolderName":"Naresh k","email":"kuriwaln@opallios.com","address1":"A-224","address2":"ddd","city":"Jaipur","state":"AR","zip":"30201","promocode":"31","shippingAddress1":"A-224","shippingAddress2":"ddd","shippingCity":"Jaipur","shippingState":"AR","shippingZip":"30201"}
INFO - 2021-12-24 04:04:33 --> get_credit_card_info Received request{"customerId":21,"cardHolderName":"Naresh k","cardNumber":"5424000000000015","cvv":"999","expiryDate":"12\/25"}
ERROR - 2021-12-24 04:06:01 --> Received request{"quantity":"1","unitPrice":"10.00","cardNumber":"5424000000000015","cardHolderName":"Naresh k","cvv":"999","expiryDate":"12\/25","email":"kuriwaln@opallios.com","address1":"A-224","address2":"ddd","city":"Jaipur","state":"AR","zip":"30201","promocode":"31","productName":"Ear Natural\u00ae ear drops","productDesc":"Truly a miraculous OTC medicine for ear-infections, so common among children.","shippingCharge":"4.95","shippingAddress1":"A-224","shippingAddress2":"ddd","shippingCity":"Jaipur","shippingState":"AR","shippingZip":"30201","optradio":"Same"}
INFO - 2021-12-24 04:06:01 --> get_customer_info Received request{"cardHolderName":"Naresh k","email":"kuriwaln@opallios.com","address1":"A-224","address2":"ddd","city":"Jaipur","state":"AR","zip":"30201","promocode":"31","shippingAddress1":"A-224","shippingAddress2":"ddd","shippingCity":"Jaipur","shippingState":"AR","shippingZip":"30201"}
INFO - 2021-12-24 04:06:01 --> get_credit_card_info Received request{"customerId":22,"cardHolderName":"Naresh k","cardNumber":"5424000000000015","cvv":"999","expiryDate":"12\/25"}
CRITICAL - 2021-12-24 04:06:01 --> Undefined property: App\Entities\CreateTransactionResponse::$refId
#0 /home/tchandipg/public_html/staging.earnatural.com/app/Controllers/Payment.php(148): CodeIgniter\Debug\Exceptions->errorHandler(8, 'Undefined prope...', '/home/tchandipg...', 148, Array)
#1 /home/tchandipg/public_html/staging.earnatural.com/vendor/codeigniter4/framework/system/CodeIgniter.php(824): App\Controllers\Payment->chargeCreditCard()
#2 /home/tchandipg/public_html/staging.earnatural.com/vendor/codeigniter4/framework/system/CodeIgniter.php(410): CodeIgniter\CodeIgniter->runController(Object(App\Controllers\Payment))
#3 /home/tchandipg/public_html/staging.earnatural.com/vendor/codeigniter4/framework/system/CodeIgniter.php(318): CodeIgniter\CodeIgniter->handleRequest(NULL, Object(Config\Cache), false)
#4 /home/tchandipg/public_html/staging.earnatural.com/index.php(37): CodeIgniter\CodeIgniter->run()
#5 {main}
ERROR - 2021-12-24 04:06:35 --> Received request{"quantity":"1","unitPrice":"10.00","cardNumber":"5424000000000015","cardHolderName":"Naresh k","cvv":"999","expiryDate":"12\/25","email":"kuriwaln@opallios.com","address1":"A-224","address2":"ddd","city":"Jaipur","state":"AR","zip":"30201","promocode":"31","productName":"Ear Natural\u00ae ear drops","productDesc":"Truly a miraculous OTC medicine for ear-infections, so common among children.","shippingCharge":"4.95","shippingAddress1":"A-224","shippingAddress2":"ddd","shippingCity":"Jaipur","shippingState":"AR","shippingZip":"30201","optradio":"Same"}
INFO - 2021-12-24 04:06:35 --> get_customer_info Received request{"cardHolderName":"Naresh k","email":"kuriwaln@opallios.com","address1":"A-224","address2":"ddd","city":"Jaipur","state":"AR","zip":"30201","promocode":"31","shippingAddress1":"A-224","shippingAddress2":"ddd","shippingCity":"Jaipur","shippingState":"AR","shippingZip":"30201"}
INFO - 2021-12-24 04:06:35 --> get_credit_card_info Received request{"customerId":23,"cardHolderName":"Naresh k","cardNumber":"5424000000000015","cvv":"999","expiryDate":"12\/25"}
CRITICAL - 2021-12-24 04:06:35 --> Undefined property: App\Entities\CreateTransactionResponse::$refId
#0 /home/tchandipg/public_html/staging.earnatural.com/app/Controllers/Payment.php(148): CodeIgniter\Debug\Exceptions->errorHandler(8, 'Undefined prope...', '/home/tchandipg...', 148, Array)
#1 /home/tchandipg/public_html/staging.earnatural.com/vendor/codeigniter4/framework/system/CodeIgniter.php(824): App\Controllers\Payment->chargeCreditCard()
#2 /home/tchandipg/public_html/staging.earnatural.com/vendor/codeigniter4/framework/system/CodeIgniter.php(410): CodeIgniter\CodeIgniter->runController(Object(App\Controllers\Payment))
#3 /home/tchandipg/public_html/staging.earnatural.com/vendor/codeigniter4/framework/system/CodeIgniter.php(318): CodeIgniter\CodeIgniter->handleRequest(NULL, Object(Config\Cache), false)
#4 /home/tchandipg/public_html/staging.earnatural.com/index.php(37): CodeIgniter\CodeIgniter->run()
#5 {main}
ERROR - 2021-12-24 04:08:32 --> Received request{"quantity":"1","unitPrice":"10.00","cardNumber":"5424000000000015","cardHolderName":"Naresh k","cvv":"999","expiryDate":"12\/25","email":"kuriwaln@opallios.com","address1":"A-224","address2":"ddd","city":"Jaipur","state":"AR","zip":"30201","promocode":"31","productName":"Ear Natural\u00ae ear drops","productDesc":"Truly a miraculous OTC medicine for ear-infections, so common among children.","shippingCharge":"4.95","shippingAddress1":"A-224","shippingAddress2":"ddd","shippingCity":"Jaipur","shippingState":"AR","shippingZip":"30201","optradio":"Same"}
INFO - 2021-12-24 04:08:32 --> get_customer_info Received request{"cardHolderName":"Naresh k","email":"kuriwaln@opallios.com","address1":"A-224","address2":"ddd","city":"Jaipur","state":"AR","zip":"30201","promocode":"31","shippingAddress1":"A-224","shippingAddress2":"ddd","shippingCity":"Jaipur","shippingState":"AR","shippingZip":"30201"}
INFO - 2021-12-24 04:08:32 --> get_credit_card_info Received request{"customerId":24,"cardHolderName":"Naresh k","cardNumber":"5424000000000015","cvv":"999","expiryDate":"12\/25"}
ERROR - 2021-12-24 04:19:17 --> Received request{"quantity":"1","unitPrice":"10.00","cardNumber":"5424000000000015","cardHolderName":"Naresh k","cvv":"999","expiryDate":"12\/25","email":"kuriwaln@opallios.com","address1":"A-224","address2":"ddd","city":"Jaipur","state":"AR","zip":"30201","promocode":"31","productName":"Ear Natural\u00ae ear drops","productDesc":"Truly a miraculous OTC medicine for ear-infections, so common among children.","shippingCharge":"4.95","shippingAddress1":"A-224","shippingAddress2":"ddd","shippingCity":"Jaipur","shippingState":"AR","shippingZip":"30201","optradio":"Same"}
INFO - 2021-12-24 04:19:17 --> get_customer_info Received request{"cardHolderName":"Naresh k","email":"kuriwaln@opallios.com","address1":"A-224","address2":"ddd","city":"Jaipur","state":"AR","zip":"30201","promocode":"31","shippingAddress1":"A-224","shippingAddress2":"ddd","shippingCity":"Jaipur","shippingState":"AR","shippingZip":"30201"}
INFO - 2021-12-24 04:19:17 --> get_credit_card_info Received request{"customerId":25,"cardHolderName":"Naresh k","cardNumber":"5424000000000015","cvv":"999","expiryDate":"12\/25"}
CRITICAL - 2021-12-24 04:19:18 --> Object of class App\Entities\UserFieldType could not be converted to string
#0 [internal function]: CodeIgniter\Debug\Exceptions->shutdownHandler()
#1 {main}
ERROR - 2021-12-24 04:20:27 --> Received request{"quantity":"1","unitPrice":"10.00","cardNumber":"5424000000000015","cardHolderName":"Naresh k","cvv":"999","expiryDate":"12\/25","email":"kuriwaln@opallios.com","address1":"A-224","address2":"ddd","city":"Jaipur","state":"AR","zip":"30201","promocode":"31","productName":"Ear Natural\u00ae ear drops","productDesc":"Truly a miraculous OTC medicine for ear-infections, so common among children.","shippingCharge":"4.95","shippingAddress1":"A-224","shippingAddress2":"ddd","shippingCity":"Jaipur","shippingState":"AR","shippingZip":"30201","optradio":"Same"}
INFO - 2021-12-24 04:20:27 --> get_customer_info Received request{"cardHolderName":"Naresh k","email":"kuriwaln@opallios.com","address1":"A-224","address2":"ddd","city":"Jaipur","state":"AR","zip":"30201","promocode":"31","shippingAddress1":"A-224","shippingAddress2":"ddd","shippingCity":"Jaipur","shippingState":"AR","shippingZip":"30201"}
INFO - 2021-12-24 04:20:27 --> get_credit_card_info Received request{"customerId":26,"cardHolderName":"Naresh k","cardNumber":"5424000000000015","cvv":"999","expiryDate":"12\/25"}
CRITICAL - 2021-12-24 04:20:27 --> Call to a member function getValue() on array
#0 /home/tchandipg/public_html/staging.earnatural.com/vendor/codeigniter4/framework/system/CodeIgniter.php(824): App\Controllers\Payment->chargeCreditCard()
#1 /home/tchandipg/public_html/staging.earnatural.com/vendor/codeigniter4/framework/system/CodeIgniter.php(410): CodeIgniter\CodeIgniter->runController(Object(App\Controllers\Payment))
#2 /home/tchandipg/public_html/staging.earnatural.com/vendor/codeigniter4/framework/system/CodeIgniter.php(318): CodeIgniter\CodeIgniter->handleRequest(NULL, Object(Config\Cache), false)
#3 /home/tchandipg/public_html/staging.earnatural.com/index.php(37): CodeIgniter\CodeIgniter->run()
#4 {main}
ERROR - 2021-12-24 04:21:29 --> Received request{"quantity":"1","unitPrice":"10.00","cardNumber":"5424000000000015","cardHolderName":"Naresh k","cvv":"999","expiryDate":"12\/25","email":"kuriwaln@opallios.com","address1":"A-224","address2":"ddd","city":"Jaipur","state":"AR","zip":"30201","promocode":"31","productName":"Ear Natural\u00ae ear drops","productDesc":"Truly a miraculous OTC medicine for ear-infections, so common among children.","shippingCharge":"4.95","shippingAddress1":"A-224","shippingAddress2":"ddd","shippingCity":"Jaipur","shippingState":"AR","shippingZip":"30201","optradio":"Same"}
INFO - 2021-12-24 04:21:29 --> get_customer_info Received request{"cardHolderName":"Naresh k","email":"kuriwaln@opallios.com","address1":"A-224","address2":"ddd","city":"Jaipur","state":"AR","zip":"30201","promocode":"31","shippingAddress1":"A-224","shippingAddress2":"ddd","shippingCity":"Jaipur","shippingState":"AR","shippingZip":"30201"}
INFO - 2021-12-24 04:21:29 --> get_credit_card_info Received request{"customerId":27,"cardHolderName":"Naresh k","cardNumber":"5424000000000015","cvv":"999","expiryDate":"12\/25"}
ERROR - 2021-12-24 04:23:55 --> Received request{"quantity":"1","unitPrice":"10.00","cardNumber":"5424000000000015","cardHolderName":"Naresh k","cvv":"999","expiryDate":"12\/25","email":"kuriwaln@opallios.com","address1":"A-224","address2":"ddd","city":"Jaipur","state":"AR","zip":"30201","promocode":"31","productName":"Ear Natural\u00ae ear drops","productDesc":"Truly a miraculous OTC medicine for ear-infections, so common among children.","shippingCharge":"4.95","shippingAddress1":"A-224","shippingAddress2":"ddd","shippingCity":"Jaipur","shippingState":"AR","shippingZip":"30201","optradio":"Same"}
INFO - 2021-12-24 04:23:55 --> get_customer_info Received request{"cardHolderName":"Naresh k","email":"kuriwaln@opallios.com","address1":"A-224","address2":"ddd","city":"Jaipur","state":"AR","zip":"30201","promocode":"31","shippingAddress1":"A-224","shippingAddress2":"ddd","shippingCity":"Jaipur","shippingState":"AR","shippingZip":"30201"}
INFO - 2021-12-24 04:23:55 --> get_credit_card_info Received request{"customerId":28,"cardHolderName":"Naresh k","cardNumber":"5424000000000015","cvv":"999","expiryDate":"12\/25"}
ERROR - 2021-12-24 04:29:04 --> Received request{"quantity":"1","unitPrice":"10.00","cardNumber":"5424000000000015","cardHolderName":"Naresh k","cvv":"999","expiryDate":"12\/25","email":"kuriwaln@opallios.com","address1":"A-224","address2":"ddd","city":"Jaipur","state":"AR","zip":"30201","promocode":"31","productName":"Ear Natural\u00ae ear drops","productDesc":"Truly a miraculous OTC medicine for ear-infections, so common among children.","shippingCharge":"4.95","shippingAddress1":"A-224","shippingAddress2":"ddd","shippingCity":"Jaipur","shippingState":"AR","shippingZip":"30201","optradio":"Same"}
INFO - 2021-12-24 04:29:04 --> get_customer_info Received request{"cardHolderName":"Naresh k","email":"kuriwaln@opallios.com","address1":"A-224","address2":"ddd","city":"Jaipur","state":"AR","zip":"30201","promocode":"31","shippingAddress1":"A-224","shippingAddress2":"ddd","shippingCity":"Jaipur","shippingState":"AR","shippingZip":"30201"}
INFO - 2021-12-24 04:29:04 --> get_credit_card_info Received request{"customerId":29,"cardHolderName":"Naresh k","cardNumber":"5424000000000015","cvv":"999","expiryDate":"12\/25"}
ERROR - 2021-12-24 04:47:11 --> Received request{"quantity":"1","unitPrice":"10.00","cardNumber":"5424000000000015","cardHolderName":"Naresh k","cvv":"999","expiryDate":"12\/25","email":"kuriwaln@opallios.com","address1":"A-224","address2":"ddd","city":"Jaipur","state":"AR","zip":"30201","promocode":"31","productName":"Ear Natural\u00ae ear drops","productDesc":"Truly a miraculous OTC medicine for ear-infections, so common among children.","shippingCharge":"4.95","shippingAddress1":"A-224","shippingAddress2":"ddd","shippingCity":"Jaipur","shippingState":"AR","shippingZip":"30201","optradio":"Same"}
INFO - 2021-12-24 04:47:11 --> get_customer_info Received request{"cardHolderName":"Naresh k","email":"kuriwaln@opallios.com","address1":"A-224","address2":"ddd","city":"Jaipur","state":"AR","zip":"30201","promocode":"31","shippingAddress1":"A-224","shippingAddress2":"ddd","shippingCity":"Jaipur","shippingState":"AR","shippingZip":"30201"}
INFO - 2021-12-24 04:47:11 --> get_credit_card_info Received request{"customerId":30,"cardHolderName":"Naresh k","cardNumber":"5424000000000015","cvv":"999","expiryDate":"12\/25"}
CRITICAL - 2021-12-24 04:47:11 --> Cannot use object of type stdClass as array
#0 /home/tchandipg/public_html/staging.earnatural.com/app/Controllers/Payment.php(155): App\Libraries\Utils->sendMailToCustomer(Object(stdClass), Array, Array)
#1 /home/tchandipg/public_html/staging.earnatural.com/vendor/codeigniter4/framework/system/CodeIgniter.php(824): App\Controllers\Payment->chargeCreditCard()
#2 /home/tchandipg/public_html/staging.earnatural.com/vendor/codeigniter4/framework/system/CodeIgniter.php(410): CodeIgniter\CodeIgniter->runController(Object(App\Controllers\Payment))
#3 /home/tchandipg/public_html/staging.earnatural.com/vendor/codeigniter4/framework/system/CodeIgniter.php(318): CodeIgniter\CodeIgniter->handleRequest(NULL, Object(Config\Cache), false)
#4 /home/tchandipg/public_html/staging.earnatural.com/index.php(37): CodeIgniter\CodeIgniter->run()
#5 {main}
ERROR - 2021-12-24 04:52:45 --> Received request{"quantity":"1","unitPrice":"10.00","cardNumber":"5424000000000015","cardHolderName":"Naresh k","cvv":"999","expiryDate":"12\/25","email":"kuriwaln@opallios.com","address1":"A-224","address2":"ddd","city":"Jaipur","state":"AR","zip":"30201","promocode":"31","productName":"Ear Natural\u00ae ear drops","productDesc":"Truly a miraculous OTC medicine for ear-infections, so common among children.","shippingCharge":"4.95","shippingAddress1":"A-224","shippingAddress2":"ddd","shippingCity":"Jaipur","shippingState":"AR","shippingZip":"30201","optradio":"Same"}
INFO - 2021-12-24 04:52:45 --> get_customer_info Received request{"cardHolderName":"Naresh k","email":"kuriwaln@opallios.com","address1":"A-224","address2":"ddd","city":"Jaipur","state":"AR","zip":"30201","promocode":"31","shippingAddress1":"A-224","shippingAddress2":"ddd","shippingCity":"Jaipur","shippingState":"AR","shippingZip":"30201"}
INFO - 2021-12-24 04:52:45 --> get_credit_card_info Received request{"customerId":31,"cardHolderName":"Naresh k","cardNumber":"5424000000000015","cvv":"999","expiryDate":"12\/25"}
CRITICAL - 2021-12-24 04:52:45 --> Array to string conversion
#0 /home/tchandipg/public_html/staging.earnatural.com/app/Controllers/Payment.php(155): CodeIgniter\Debug\Exceptions->errorHandler(8, 'Array to string...', '/home/tchandipg...', 155, Array)
#1 /home/tchandipg/public_html/staging.earnatural.com/vendor/codeigniter4/framework/system/CodeIgniter.php(824): App\Controllers\Payment->chargeCreditCard()
#2 /home/tchandipg/public_html/staging.earnatural.com/vendor/codeigniter4/framework/system/CodeIgniter.php(410): CodeIgniter\CodeIgniter->runController(Object(App\Controllers\Payment))
#3 /home/tchandipg/public_html/staging.earnatural.com/vendor/codeigniter4/framework/system/CodeIgniter.php(318): CodeIgniter\CodeIgniter->handleRequest(NULL, Object(Config\Cache), false)
#4 /home/tchandipg/public_html/staging.earnatural.com/index.php(37): CodeIgniter\CodeIgniter->run()
#5 {main}
ERROR - 2021-12-24 04:54:48 --> Received request{"quantity":"1","unitPrice":"10.00","cardNumber":"5424000000000015","cardHolderName":"Naresh k","cvv":"999","expiryDate":"12\/25","email":"kuriwaln@opallios.com","address1":"A-224","address2":"ddd","city":"Jaipur","state":"AR","zip":"30201","promocode":"31","productName":"Ear Natural\u00ae ear drops","productDesc":"Truly a miraculous OTC medicine for ear-infections, so common among children.","shippingCharge":"4.95","shippingAddress1":"A-224","shippingAddress2":"ddd","shippingCity":"Jaipur","shippingState":"AR","shippingZip":"30201","optradio":"Same"}
INFO - 2021-12-24 04:54:48 --> get_customer_info Received request{"cardHolderName":"Naresh k","email":"kuriwaln@opallios.com","address1":"A-224","address2":"ddd","city":"Jaipur","state":"AR","zip":"30201","promocode":"31","shippingAddress1":"A-224","shippingAddress2":"ddd","shippingCity":"Jaipur","shippingState":"AR","shippingZip":"30201"}
INFO - 2021-12-24 04:54:48 --> get_credit_card_info Received request{"customerId":32,"cardHolderName":"Naresh k","cardNumber":"5424000000000015","cvv":"999","expiryDate":"12\/25"}
CRITICAL - 2021-12-24 04:54:48 --> Cannot use object of type stdClass as array
#0 /home/tchandipg/public_html/staging.earnatural.com/vendor/codeigniter4/framework/system/View/View.php(214): include()
#1 /home/tchandipg/public_html/staging.earnatural.com/vendor/codeigniter4/framework/system/View/View.php(217): CodeIgniter\View\View->CodeIgniter\View\{closure}()
#2 /home/tchandipg/public_html/staging.earnatural.com/vendor/codeigniter4/framework/system/Common.php(1097): CodeIgniter\View\View->render('templates/custo...', Array, true)
#3 /home/tchandipg/public_html/staging.earnatural.com/app/Libraries/Utils.php(412): view('templates/custo...', Array)
#4 /home/tchandipg/public_html/staging.earnatural.com/app/Controllers/Payment.php(155): App\Libraries\Utils->sendMailToCustomer(Object(stdClass), Array, Array, 32)
#5 /home/tchandipg/public_html/staging.earnatural.com/vendor/codeigniter4/framework/system/CodeIgniter.php(824): App\Controllers\Payment->chargeCreditCard()
#6 /home/tchandipg/public_html/staging.earnatural.com/vendor/codeigniter4/framework/system/CodeIgniter.php(410): CodeIgniter\CodeIgniter->runController(Object(App\Controllers\Payment))
#7 /home/tchandipg/public_html/staging.earnatural.com/vendor/codeigniter4/framework/system/CodeIgniter.php(318): CodeIgniter\CodeIgniter->handleRequest(NULL, Object(Config\Cache), false)
#8 /home/tchandipg/public_html/staging.earnatural.com/index.php(37): CodeIgniter\CodeIgniter->run()
#9 {main}
ERROR - 2021-12-24 05:02:03 --> Received request{"quantity":"1","unitPrice":"10.00","cardNumber":"5424000000000015","cardHolderName":"Naresh k","cvv":"999","expiryDate":"12\/25","email":"kuriwaln@opallios.com","address1":"A-224","address2":"ddd","city":"Jaipur","state":"AR","zip":"30201","promocode":"31","productName":"Ear Natural\u00ae ear drops","productDesc":"Truly a miraculous OTC medicine for ear-infections, so common among children.","shippingCharge":"4.95","shippingAddress1":"A-224","shippingAddress2":"ddd","shippingCity":"Jaipur","shippingState":"AR","shippingZip":"30201","optradio":"Same"}
INFO - 2021-12-24 05:02:03 --> get_customer_info Received request{"cardHolderName":"Naresh k","email":"kuriwaln@opallios.com","address1":"A-224","address2":"ddd","city":"Jaipur","state":"AR","zip":"30201","promocode":"31","shippingAddress1":"A-224","shippingAddress2":"ddd","shippingCity":"Jaipur","shippingState":"AR","shippingZip":"30201"}
INFO - 2021-12-24 05:02:03 --> get_credit_card_info Received request{"customerId":33,"cardHolderName":"Naresh k","cardNumber":"5424000000000015","cvv":"999","expiryDate":"12\/25"}
CRITICAL - 2021-12-24 05:02:03 --> Undefined variable: customer_id
#0 /home/tchandipg/public_html/staging.earnatural.com/app/Views/templates/customer.php(161): CodeIgniter\Debug\Exceptions->errorHandler(8, 'Undefined varia...', '/home/tchandipg...', 161, Array)
#1 /home/tchandipg/public_html/staging.earnatural.com/vendor/codeigniter4/framework/system/View/View.php(214): include('/home/tchandipg...')
#2 /home/tchandipg/public_html/staging.earnatural.com/vendor/codeigniter4/framework/system/View/View.php(217): CodeIgniter\View\View->CodeIgniter\View\{closure}()
#3 /home/tchandipg/public_html/staging.earnatural.com/vendor/codeigniter4/framework/system/Common.php(1097): CodeIgniter\View\View->render('templates/custo...', Array, true)
#4 /home/tchandipg/public_html/staging.earnatural.com/app/Libraries/Utils.php(413): view('templates/custo...', Array)
#5 /home/tchandipg/public_html/staging.earnatural.com/app/Controllers/Payment.php(155): App\Libraries\Utils->sendMailToCustomer(Object(stdClass), Array, Array, 33)
#6 /home/tchandipg/public_html/staging.earnatural.com/vendor/codeigniter4/framework/system/CodeIgniter.php(824): App\Controllers\Payment->chargeCreditCard()
#7 /home/tchandipg/public_html/staging.earnatural.com/vendor/codeigniter4/framework/system/CodeIgniter.php(410): CodeIgniter\CodeIgniter->runController(Object(App\Controllers\Payment))
#8 /home/tchandipg/public_html/staging.earnatural.com/vendor/codeigniter4/framework/system/CodeIgniter.php(318): CodeIgniter\CodeIgniter->handleRequest(NULL, Object(Config\Cache), false)
#9 /home/tchandipg/public_html/staging.earnatural.com/index.php(37): CodeIgniter\CodeIgniter->run()
#10 {main}
ERROR - 2021-12-24 05:03:23 --> Received request{"quantity":"1","unitPrice":"10.00","cardNumber":"5424000000000015","cardHolderName":"Naresh k","cvv":"999","expiryDate":"12\/25","email":"kuriwaln@opallios.com","address1":"A-224","address2":"ddd","city":"Jaipur","state":"AR","zip":"30201","promocode":"31","productName":"Ear Natural\u00ae ear drops","productDesc":"Truly a miraculous OTC medicine for ear-infections, so common among children.","shippingCharge":"4.95","shippingAddress1":"A-224","shippingAddress2":"ddd","shippingCity":"Jaipur","shippingState":"AR","shippingZip":"30201","optradio":"Same"}
INFO - 2021-12-24 05:03:23 --> get_customer_info Received request{"cardHolderName":"Naresh k","email":"kuriwaln@opallios.com","address1":"A-224","address2":"ddd","city":"Jaipur","state":"AR","zip":"30201","promocode":"31","shippingAddress1":"A-224","shippingAddress2":"ddd","shippingCity":"Jaipur","shippingState":"AR","shippingZip":"30201"}
INFO - 2021-12-24 05:03:23 --> get_credit_card_info Received request{"customerId":34,"cardHolderName":"Naresh k","cardNumber":"5424000000000015","cvv":"999","expiryDate":"12\/25"}
CRITICAL - 2021-12-24 05:03:25 --> Cannot use object of type stdClass as array
#0 /home/tchandipg/public_html/staging.earnatural.com/vendor/codeigniter4/framework/system/View/View.php(214): include()
#1 /home/tchandipg/public_html/staging.earnatural.com/vendor/codeigniter4/framework/system/View/View.php(217): CodeIgniter\View\View->CodeIgniter\View\{closure}()
#2 /home/tchandipg/public_html/staging.earnatural.com/vendor/codeigniter4/framework/system/Common.php(1097): CodeIgniter\View\View->render('templates/custo...', Array, true)
#3 /home/tchandipg/public_html/staging.earnatural.com/app/Libraries/Utils.php(413): view('templates/custo...', Array)
#4 /home/tchandipg/public_html/staging.earnatural.com/app/Controllers/Payment.php(155): App\Libraries\Utils->sendMailToCustomer(Object(stdClass), Array, Array, 34)
#5 /home/tchandipg/public_html/staging.earnatural.com/vendor/codeigniter4/framework/system/CodeIgniter.php(824): App\Controllers\Payment->chargeCreditCard()
#6 /home/tchandipg/public_html/staging.earnatural.com/vendor/codeigniter4/framework/system/CodeIgniter.php(410): CodeIgniter\CodeIgniter->runController(Object(App\Controllers\Payment))
#7 /home/tchandipg/public_html/staging.earnatural.com/vendor/codeigniter4/framework/system/CodeIgniter.php(318): CodeIgniter\CodeIgniter->handleRequest(NULL, Object(Config\Cache), false)
#8 /home/tchandipg/public_html/staging.earnatural.com/index.php(37): CodeIgniter\CodeIgniter->run()
#9 {main}
ERROR - 2021-12-24 05:05:26 --> Received request{"quantity":"1","unitPrice":"10.00","cardNumber":"5424000000000015","cardHolderName":"Naresh k","cvv":"999","expiryDate":"12\/25","email":"kuriwaln@opallios.com","address1":"A-224","address2":"ddd","city":"Jaipur","state":"AR","zip":"30201","promocode":"31","productName":"Ear Natural\u00ae ear drops","productDesc":"Truly a miraculous OTC medicine for ear-infections, so common among children.","shippingCharge":"4.95","shippingAddress1":"A-224","shippingAddress2":"ddd","shippingCity":"Jaipur","shippingState":"AR","shippingZip":"30201","optradio":"Same"}
INFO - 2021-12-24 05:05:26 --> get_customer_info Received request{"cardHolderName":"Naresh k","email":"kuriwaln@opallios.com","address1":"A-224","address2":"ddd","city":"Jaipur","state":"AR","zip":"30201","promocode":"31","shippingAddress1":"A-224","shippingAddress2":"ddd","shippingCity":"Jaipur","shippingState":"AR","shippingZip":"30201"}
INFO - 2021-12-24 05:05:26 --> get_credit_card_info Received request{"customerId":35,"cardHolderName":"Naresh k","cardNumber":"5424000000000015","cvv":"999","expiryDate":"12\/25"}
INFO - 2021-12-24 05:05:26 --> Cusotmer Email sent
CRITICAL - 2021-12-24 05:05:26 --> Undefined index: shipping_charge
#0 /home/tchandipg/public_html/staging.earnatural.com/app/Views/templates/admin.php(100): CodeIgniter\Debug\Exceptions->errorHandler(8, 'Undefined index...', '/home/tchandipg...', 100, Array)
#1 /home/tchandipg/public_html/staging.earnatural.com/vendor/codeigniter4/framework/system/View/View.php(214): include('/home/tchandipg...')
#2 /home/tchandipg/public_html/staging.earnatural.com/vendor/codeigniter4/framework/system/View/View.php(217): CodeIgniter\View\View->CodeIgniter\View\{closure}()
#3 /home/tchandipg/public_html/staging.earnatural.com/vendor/codeigniter4/framework/system/Common.php(1097): CodeIgniter\View\View->render('templates/admin', Array, true)
#4 /home/tchandipg/public_html/staging.earnatural.com/app/Libraries/Utils.php(429): view('templates/admin', Array)
#5 /home/tchandipg/public_html/staging.earnatural.com/app/Controllers/Payment.php(155): App\Libraries\Utils->sendMailToCustomer(Object(stdClass), Array, Array, 35)
#6 /home/tchandipg/public_html/staging.earnatural.com/vendor/codeigniter4/framework/system/CodeIgniter.php(824): App\Controllers\Payment->chargeCreditCard()
#7 /home/tchandipg/public_html/staging.earnatural.com/vendor/codeigniter4/framework/system/CodeIgniter.php(410): CodeIgniter\CodeIgniter->runController(Object(App\Controllers\Payment))
#8 /home/tchandipg/public_html/staging.earnatural.com/vendor/codeigniter4/framework/system/CodeIgniter.php(318): CodeIgniter\CodeIgniter->handleRequest(NULL, Object(Config\Cache), false)
#9 /home/tchandipg/public_html/staging.earnatural.com/index.php(37): CodeIgniter\CodeIgniter->run()
#10 {main}
ERROR - 2021-12-24 05:08:35 --> Received request{"quantity":"1","unitPrice":"10.00","cardNumber":"5424000000000015","cardHolderName":"Naresh k","cvv":"999","expiryDate":"12\/25","email":"kuriwaln@opallios.com","address1":"A-224","address2":"ddd","city":"Jaipur","state":"AR","zip":"30201","promocode":"31","productName":"Ear Natural\u00ae ear drops","productDesc":"Truly a miraculous OTC medicine for ear-infections, so common among children.","shippingCharge":"4.95","shippingAddress1":"A-224","shippingAddress2":"ddd","shippingCity":"Jaipur","shippingState":"AR","shippingZip":"30201","optradio":"Same"}
INFO - 2021-12-24 05:08:35 --> get_customer_info Received request{"cardHolderName":"Naresh k","email":"kuriwaln@opallios.com","address1":"A-224","address2":"ddd","city":"Jaipur","state":"AR","zip":"30201","promocode":"31","shippingAddress1":"A-224","shippingAddress2":"ddd","shippingCity":"Jaipur","shippingState":"AR","shippingZip":"30201"}
INFO - 2021-12-24 05:08:35 --> get_credit_card_info Received request{"customerId":36,"cardHolderName":"Naresh k","cardNumber":"5424000000000015","cvv":"999","expiryDate":"12\/25"}
INFO - 2021-12-24 05:08:35 --> Cusotmer Email sent
INFO - 2021-12-24 05:08:35 --> Admin Email sent
ERROR - 2021-12-24 05:26:19 --> Received request{"quantity":"1","unitPrice":"10.00","cardNumber":"5424000000000015","cardHolderName":"Naresh k","cvv":"999","expiryDate":"12\/25","email":"kuriwaln@opallios.com","address1":"A-224","address2":"ddd","city":"Jaipur","state":"AR","zip":"30201","promocode":"31","productName":"Ear Natural\u00ae ear drops","productDesc":"Truly a miraculous OTC medicine for ear-infections, so common among children.","shippingCharge":"4.95","shippingAddress1":"A-224","shippingAddress2":"ddd","shippingCity":"Jaipur","shippingState":"AR","shippingZip":"30201","optradio":"Same"}
INFO - 2021-12-24 05:26:19 --> get_customer_info Received request{"cardHolderName":"Naresh k","email":"kuriwaln@opallios.com","address1":"A-224","address2":"ddd","city":"Jaipur","state":"AR","zip":"30201","promocode":"31","shippingAddress1":"A-224","shippingAddress2":"ddd","shippingCity":"Jaipur","shippingState":"AR","shippingZip":"30201"}
INFO - 2021-12-24 05:26:19 --> get_credit_card_info Received request{"customerId":37,"cardHolderName":"Naresh k","cardNumber":"5424000000000015","cvv":"999","expiryDate":"12\/25"}
INFO - 2021-12-24 05:26:20 --> Cusotmer Email sent
INFO - 2021-12-24 05:26:20 --> Admin Email sent
ERROR - 2021-12-24 05:31:15 --> Received request{"quantity":"5","unit_price":"45.00","card_number":"5424000000000015","card_holder_name":"Naresh khuriwal","cvv":"999","expiry_date":"12\/25","email":"kuriwaln@opallios.com","address_1":"A-224","address_2":"Jhau","city":"Jaipur","state":"IL","zip":"30201","promocode":"31","product_name":"Ear Natural\u00ae ear drops","product_desc":"Truly a miraculous OTC medicine for ear-infections, so common among children.","shipping_charge":"4.95","shipping_address_1":"A-224","shipping_address_2":"Jhau","shipping_city":"Jaipur","shipping_state":"IL","shipping_zip":"30201","optradio":"Same"}
CRITICAL - 2021-12-24 05:31:15 --> Undefined property: stdClass::$cardHolderName
#0 /home/tchandipg/public_html/staging.earnatural.com/app/Controllers/Payment.php(200): CodeIgniter\Debug\Exceptions->errorHandler(8, 'Undefined prope...', '/home/tchandipg...', 200, Array)
#1 /home/tchandipg/public_html/staging.earnatural.com/app/Controllers/Payment.php(47): App\Controllers\Payment->getCustomerInfo(Object(stdClass))
#2 /home/tchandipg/public_html/staging.earnatural.com/vendor/codeigniter4/framework/system/CodeIgniter.php(824): App\Controllers\Payment->chargeCreditCard()
#3 /home/tchandipg/public_html/staging.earnatural.com/vendor/codeigniter4/framework/system/CodeIgniter.php(410): CodeIgniter\CodeIgniter->runController(Object(App\Controllers\Payment))
#4 /home/tchandipg/public_html/staging.earnatural.com/vendor/codeigniter4/framework/system/CodeIgniter.php(318): CodeIgniter\CodeIgniter->handleRequest(NULL, Object(Config\Cache), false)
#5 /home/tchandipg/public_html/staging.earnatural.com/index.php(37): CodeIgniter\CodeIgniter->run()
#6 {main}
ERROR - 2021-12-24 05:34:50 --> Received request{"quantity":"5","unit_price":"45.00","card_number":"5424000000000015","card_holder_name":"Naresh khuriwal","cvv":"999","expiry_date":"12\/25","email":"kuriwaln@opallios.com","address_1":"A-224","address_2":"jhunjhunu","city":"Jaipur","state":"AZ","zip":"30201","promocode":"31","product_name":"Ear Natural\u00ae ear drops","product_desc":"Truly a miraculous OTC medicine for ear-infections, so common among children.","shipping_charge":"4.95","shipping_address_1":"A-224","shipping_address_2":"jhunjhunu","shipping_city":"Jaipur","shipping_state":"AZ","shipping_zip":"30201","optradio":"Same"}
CRITICAL - 2021-12-24 05:34:50 --> Undefined property: stdClass::$cardHolderName
#0 /home/tchandipg/public_html/staging.earnatural.com/app/Controllers/Payment.php(200): CodeIgniter\Debug\Exceptions->errorHandler(8, 'Undefined prope...', '/home/tchandipg...', 200, Array)
#1 /home/tchandipg/public_html/staging.earnatural.com/app/Controllers/Payment.php(47): App\Controllers\Payment->getCustomerInfo(Object(stdClass))
#2 /home/tchandipg/public_html/staging.earnatural.com/vendor/codeigniter4/framework/system/CodeIgniter.php(824): App\Controllers\Payment->chargeCreditCard()
#3 /home/tchandipg/public_html/staging.earnatural.com/vendor/codeigniter4/framework/system/CodeIgniter.php(410): CodeIgniter\CodeIgniter->runController(Object(App\Controllers\Payment))
#4 /home/tchandipg/public_html/staging.earnatural.com/vendor/codeigniter4/framework/system/CodeIgniter.php(318): CodeIgniter\CodeIgniter->handleRequest(NULL, Object(Config\Cache), false)
#5 /home/tchandipg/public_html/staging.earnatural.com/index.php(37): CodeIgniter\CodeIgniter->run()
#6 {main}
ERROR - 2021-12-24 05:36:19 --> Received request{"quantity":"5","unitPrice":"45.00","cardNumber":"5424000000000015","cardHolderName":"naresh khuriwal","cvv":"999","expiryDate":"12\/25","email":"kuriwaln@opallios.com","address1":"A-224","address2":"jhu","city":"Jaipur","state":"AR","zip":"30201","promocode":"31","productName":"Ear Natural\u00ae ear drops","productDesc":"Truly a miraculous OTC medicine for ear-infections, so common among children.","shippingCharge":"4.95","shippingAddress1":"A-224","shippingAddress2":"jhu","shippingCity":"Jaipur","shippingState":"AR","shippingZip":"30201","optradio":"Same"}
INFO - 2021-12-24 05:36:19 --> get_customer_info Received request{"cardHolderName":"naresh khuriwal","email":"kuriwaln@opallios.com","address1":"A-224","address2":"jhu","city":"Jaipur","state":"AR","zip":"30201","promocode":"31","shippingAddress1":"A-224","shippingAddress2":"jhu","shippingCity":"Jaipur","shippingState":"AR","shippingZip":"30201"}
INFO - 2021-12-24 05:36:19 --> get_credit_card_info Received request{"customerId":38,"cardHolderName":"naresh khuriwal","cardNumber":"5424000000000015","cvv":"999","expiryDate":"12\/25"}
INFO - 2021-12-24 05:36:21 --> Cusotmer Email sent
INFO - 2021-12-24 05:36:22 --> Admin Email sent
ERROR - 2021-12-24 05:45:38 --> Received request{"quantity":"1","unit_price":"45.00","card_number":"5424000000000015","card_holder_name":"m","cvv":"999","expiry_date":"12\/25","email":"naresh.khuriwal89@gmail.com","address_1":"A-224","address_2":"d","city":"Jaipur","state":"AZ","zip":"30201","promocode":"31","product_name":"Ear Natural\u00ae ear drops","product_desc":"Truly a miraculous OTC medicine for ear-infections, so common among children.","shipping_charge":"4.95","shipping_address_1":"A-224","shipping_address_2":"d","shipping_city":"Jaipur","shipping_state":"AZ","shipping_zip":"30201","optradio":"Same"}
CRITICAL - 2021-12-24 05:45:38 --> Undefined property: stdClass::$cardHolderName
#0 /home/tchandipg/public_html/staging.earnatural.com/app/Controllers/Payment.php(196): CodeIgniter\Debug\Exceptions->errorHandler(8, 'Undefined prope...', '/home/tchandipg...', 196, Array)
#1 /home/tchandipg/public_html/staging.earnatural.com/app/Controllers/Payment.php(43): App\Controllers\Payment->getCustomerInfo(Object(stdClass))
#2 /home/tchandipg/public_html/staging.earnatural.com/vendor/codeigniter4/framework/system/CodeIgniter.php(824): App\Controllers\Payment->chargeCreditCard()
#3 /home/tchandipg/public_html/staging.earnatural.com/vendor/codeigniter4/framework/system/CodeIgniter.php(410): CodeIgniter\CodeIgniter->runController(Object(App\Controllers\Payment))
#4 /home/tchandipg/public_html/staging.earnatural.com/vendor/codeigniter4/framework/system/CodeIgniter.php(318): CodeIgniter\CodeIgniter->handleRequest(NULL, Object(Config\Cache), false)
#5 /home/tchandipg/public_html/staging.earnatural.com/index.php(37): CodeIgniter\CodeIgniter->run()
#6 {main}
ERROR - 2021-12-24 05:48:01 --> Received request{"quantity":"1","unitPrice":"10.00","cardNumber":"5424000000000015","cardHolderName":"Naresh k","cvv":"999","expiryDate":"12\/25","email":"kuriwaln@opallios.com","address1":"A-224","address2":"ddd","city":"Jaipur","state":"AR","zip":"30201","promocode":"31","productName":"Ear Natural\u00ae ear drops","productDesc":"Truly a miraculous OTC medicine for ear-infections, so common among children.","shippingCharge":"4.95","shippingAddress1":"A-224","shippingAddress2":"ddd","shippingCity":"Jaipur","shippingState":"AR","shippingZip":"30201","optradio":"Same"}
INFO - 2021-12-24 05:48:01 --> get_customer_info Received request{"cardHolderName":"Naresh k","email":"kuriwaln@opallios.com","address1":"A-224","address2":"ddd","city":"Jaipur","state":"AR","zip":"30201","promocode":"31","shippingAddress1":"A-224","shippingAddress2":"ddd","shippingCity":"Jaipur","shippingState":"AR","shippingZip":"30201"}
INFO - 2021-12-24 05:48:01 --> get_credit_card_info Received request{"customerId":39,"cardHolderName":"Naresh k","cardNumber":"5424000000000015","cvv":"999","expiryDate":"12\/25"}
INFO - 2021-12-24 05:48:01 --> Cusotmer Email sent
INFO - 2021-12-24 05:48:02 --> Admin Email sent
ERROR - 2021-12-24 05:50:49 --> Received request{"quantity":"1","unitPrice":"45.00","cardNumber":"5424000000000015","cardHolderName":"mm","cvv":"999","expiryDate":"12\/25","email":"kuriwaln@opallios.com","address1":"A-224","address2":"s","city":"Jaipur","state":"IL","zip":"30201","promocode":"31","productName":"Ear Natural\u00ae ear drops","productDesc":"Truly a miraculous OTC medicine for ear-infections, so common among children.","shippingCharge":"4.95","shippingAddress1":"A-224","shippingAddress2":"s","shippingCity":"Jaipur","shippingState":"IL","shippingZip":"30201","optradio":"Same"}
INFO - 2021-12-24 05:50:49 --> get_customer_info Received request{"cardHolderName":"mm","email":"kuriwaln@opallios.com","address1":"A-224","address2":"s","city":"Jaipur","state":"IL","zip":"30201","promocode":"31","shippingAddress1":"A-224","shippingAddress2":"s","shippingCity":"Jaipur","shippingState":"IL","shippingZip":"30201"}
INFO - 2021-12-24 05:50:49 --> get_credit_card_info Received request{"customerId":40,"cardHolderName":"mm","cardNumber":"5424000000000015","cvv":"999","expiryDate":"12\/25"}
INFO - 2021-12-24 05:50:49 --> Cusotmer Email sent
INFO - 2021-12-24 05:50:49 --> Admin Email sent
ERROR - 2021-12-24 05:52:08 --> Received request{"quantity":"1","unitPrice":"10.00","cardNumber":"5424000000000015","cardHolderName":"Naresh k","cvv":"999","expiryDate":"12\/25","email":"kuriwaln@opallios.com","address1":"A-224","address2":"ddd","city":"Jaipur","state":"AR","zip":"30201","promocode":"31","productName":"Ear Natural\u00ae ear drops","productDesc":"Truly a miraculous OTC medicine for ear-infections, so common among children.","shippingCharge":"4.95","shippingAddress1":"A-224","shippingAddress2":"ddd","shippingCity":"Jaipur","shippingState":"AR","shippingZip":"30201","optradio":"Same"}
INFO - 2021-12-24 05:52:08 --> get_customer_info Received request{"cardHolderName":"Naresh k","email":"kuriwaln@opallios.com","address1":"A-224","address2":"ddd","city":"Jaipur","state":"AR","zip":"30201","promocode":"31","shippingAddress1":"A-224","shippingAddress2":"ddd","shippingCity":"Jaipur","shippingState":"AR","shippingZip":"30201"}
INFO - 2021-12-24 05:52:08 --> get_credit_card_info Received request{"customerId":41,"cardHolderName":"Naresh k","cardNumber":"5424000000000015","cvv":"999","expiryDate":"12\/25"}
INFO - 2021-12-24 05:52:08 --> Cusotmer Email sent
INFO - 2021-12-24 05:52:09 --> Admin Email sent
ERROR - 2021-12-24 05:52:43 --> Received request{"quantity":"1","unitPrice":"10.00","cardNumber":"5424000000000015","cardHolderName":"Naresh k","cvv":"999","expiryDate":"12\/25","email":"kuriwaln@opallios.com","address1":"A-224","address2":"ddd","city":"Jaipur","state":"AR","zip":"30201","promocode":"31","productName":"Ear Natural\u00ae ear drops","productDesc":"Truly a miraculous OTC medicine for ear-infections, so common among children.","shippingCharge":"4.95","shippingAddress1":"A-224","shippingAddress2":"ddd","shippingCity":"Jaipur","shippingState":"AR","shippingZip":"30201","optradio":"Same"}
INFO - 2021-12-24 05:52:43 --> get_customer_info Received request{"cardHolderName":"Naresh k","email":"kuriwaln@opallios.com","address1":"A-224","address2":"ddd","city":"Jaipur","state":"AR","zip":"30201","promocode":"31","shippingAddress1":"A-224","shippingAddress2":"ddd","shippingCity":"Jaipur","shippingState":"AR","shippingZip":"30201"}
INFO - 2021-12-24 05:52:43 --> get_credit_card_info Received request{"customerId":42,"cardHolderName":"Naresh k","cardNumber":"5424000000000015","cvv":"999","expiryDate":"12\/25"}
INFO - 2021-12-24 05:52:44 --> Cusotmer Email sent
INFO - 2021-12-24 05:52:44 --> Admin Email sent
ERROR - 2021-12-24 06:20:19 --> Received request{"quantity":"1","unitPrice":"10.00","cardNumber":"5424000000000015","cardHolderName":"Naresh k","cvv":"999","expiryDate":"12\/25","email":"kuriwaln@opallios.com","address1":"A-224","address2":"ddd","city":"Jaipur","state":"AR","zip":"30201","promocode":"31","productName":"Ear Natural\u00ae ear drops","productDesc":"Truly a miraculous OTC medicine for ear-infections, so common among children.","shippingCharge":"4.95","shippingAddress1":"A-224","shippingAddress2":"ddd","shippingCity":"Jaipur","shippingState":"AR","shippingZip":"30201","optradio":"Same"}
INFO - 2021-12-24 06:20:19 --> get_customer_info Received request{"cardHolderName":"Naresh k","email":"kuriwaln@opallios.com","address1":"A-224","address2":"ddd","city":"Jaipur","state":"AR","zip":"30201","promocode":"31","shippingAddress1":"A-224","shippingAddress2":"ddd","shippingCity":"Jaipur","shippingState":"AR","shippingZip":"30201"}
INFO - 2021-12-24 06:20:19 --> get_credit_card_info Received request{"customerId":43,"cardHolderName":"Naresh k","cardNumber":"5424000000000015","cvv":"999","expiryDate":"12\/25"}
INFO - 2021-12-24 06:20:20 --> Cusotmer Email sent
INFO - 2021-12-24 06:20:20 --> Admin Email sent
ERROR - 2021-12-24 06:23:46 --> Received request{"quantity":"1","unitPrice":"10.00","cardNumber":"5424000000000015","cardHolderName":"Naresh k","cvv":"999","expiryDate":"12\/25","email":"kuriwaln@opallios.com","address1":"A-224","address2":"ddd","city":"Jaipur","state":"AR","zip":"30201","promocode":"31","productName":"Ear Natural\u00ae ear drops","productDesc":"Truly a miraculous OTC medicine for ear-infections, so common among children.","shippingCharge":"4.95","shippingAddress1":"A-224","shippingAddress2":"ddd","shippingCity":"Jaipur","shippingState":"AR","shippingZip":"30201","optradio":"Same"}
INFO - 2021-12-24 06:23:46 --> get_customer_info Received request{"cardHolderName":"Naresh k","email":"kuriwaln@opallios.com","address1":"A-224","address2":"ddd","city":"Jaipur","state":"AR","zip":"30201","promocode":"31","shippingAddress1":"A-224","shippingAddress2":"ddd","shippingCity":"Jaipur","shippingState":"AR","shippingZip":"30201"}
INFO - 2021-12-24 06:23:46 --> get_credit_card_info Received request{"customerId":44,"cardHolderName":"Naresh k","cardNumber":"5424000000000015","cvv":"999","expiryDate":"12\/25"}
INFO - 2021-12-24 06:23:47 --> Cusotmer Email sent
INFO - 2021-12-24 06:23:47 --> Admin Email sent
ERROR - 2021-12-24 06:24:17 --> Received request{"quantity":"1","unitPrice":"10.00","cardNumber":"5424000000000015","cardHolderName":"Naresh k","cvv":"999","expiryDate":"12\/25","email":"kuriwaln@opallios.com","address1":"A-224","address2":"ddd","city":"Jaipur","state":"AR","zip":"30201","promocode":"31","productName":"Ear Natural\u00ae ear drops","productDesc":"Truly a miraculous OTC medicine for ear-infections, so common among children.","shippingCharge":"4.95","shippingAddress1":"A-224","shippingAddress2":"ddd","shippingCity":"Jaipur","shippingState":"AR","shippingZip":"30201","optradio":"Same"}
INFO - 2021-12-24 06:24:17 --> get_customer_info Received request{"cardHolderName":"Naresh k","email":"kuriwaln@opallios.com","address1":"A-224","address2":"ddd","city":"Jaipur","state":"AR","zip":"30201","promocode":"31","shippingAddress1":"A-224","shippingAddress2":"ddd","shippingCity":"Jaipur","shippingState":"AR","shippingZip":"30201"}
INFO - 2021-12-24 06:24:17 --> get_credit_card_info Received request{"customerId":45,"cardHolderName":"Naresh k","cardNumber":"5424000000000015","cvv":"999","expiryDate":"12\/25"}
INFO - 2021-12-24 06:24:17 --> Cusotmer Email sent
INFO - 2021-12-24 06:24:18 --> Admin Email sent
CRITICAL - 2021-12-24 06:24:18 --> Object of class CodeIgniter\HTTP\Response could not be converted to string
#0 /home/tchandipg/public_html/staging.earnatural.com/app/Controllers/Payment.php(293): CodeIgniter\Debug\Exceptions->errorHandler(4096, 'Object of class...', '/home/tchandipg...', 293, Array)
#1 /home/tchandipg/public_html/staging.earnatural.com/app/Controllers/Payment.php(167): App\Controllers\Payment->makeResponse(201, 'This transactio...')
#2 /home/tchandipg/public_html/staging.earnatural.com/vendor/codeigniter4/framework/system/CodeIgniter.php(824): App\Controllers\Payment->chargeCreditCard()
#3 /home/tchandipg/public_html/staging.earnatural.com/vendor/codeigniter4/framework/system/CodeIgniter.php(410): CodeIgniter\CodeIgniter->runController(Object(App\Controllers\Payment))
#4 /home/tchandipg/public_html/staging.earnatural.com/vendor/codeigniter4/framework/system/CodeIgniter.php(318): CodeIgniter\CodeIgniter->handleRequest(NULL, Object(Config\Cache), false)
#5 /home/tchandipg/public_html/staging.earnatural.com/index.php(37): CodeIgniter\CodeIgniter->run()
#6 {main}
ERROR - 2021-12-24 06:24:46 --> Received request{"quantity":"1","unitPrice":"10.00","cardNumber":"5424000000000015","cardHolderName":"Naresh k","cvv":"999","expiryDate":"12\/25","email":"kuriwaln@opallios.com","address1":"A-224","address2":"ddd","city":"Jaipur","state":"AR","zip":"30201","promocode":"31","productName":"Ear Natural\u00ae ear drops","productDesc":"Truly a miraculous OTC medicine for ear-infections, so common among children.","shippingCharge":"4.95","shippingAddress1":"A-224","shippingAddress2":"ddd","shippingCity":"Jaipur","shippingState":"AR","shippingZip":"30201","optradio":"Same"}
INFO - 2021-12-24 06:24:46 --> get_customer_info Received request{"cardHolderName":"Naresh k","email":"kuriwaln@opallios.com","address1":"A-224","address2":"ddd","city":"Jaipur","state":"AR","zip":"30201","promocode":"31","shippingAddress1":"A-224","shippingAddress2":"ddd","shippingCity":"Jaipur","shippingState":"AR","shippingZip":"30201"}
INFO - 2021-12-24 06:24:46 --> get_credit_card_info Received request{"customerId":46,"cardHolderName":"Naresh k","cardNumber":"5424000000000015","cvv":"999","expiryDate":"12\/25"}
INFO - 2021-12-24 06:24:47 --> Cusotmer Email sent
INFO - 2021-12-24 06:24:47 --> Admin Email sent
ERROR - 2021-12-24 06:26:08 --> Received request{"quantity":"1","unitPrice":"10.00","cardNumber":"5424000000000015","cardHolderName":"Naresh k","cvv":"999","expiryDate":"12\/25","email":"kuriwaln@opallios.com","address1":"A-224","address2":"ddd","city":"Jaipur","state":"AR","zip":"30201","promocode":"31","productName":"Ear Natural\u00ae ear drops","productDesc":"Truly a miraculous OTC medicine for ear-infections, so common among children.","shippingCharge":"4.95","shippingAddress1":"A-224","shippingAddress2":"ddd","shippingCity":"Jaipur","shippingState":"AR","shippingZip":"30201","optradio":"Same"}
INFO - 2021-12-24 06:26:08 --> get_customer_info Received request{"cardHolderName":"Naresh k","email":"kuriwaln@opallios.com","address1":"A-224","address2":"ddd","city":"Jaipur","state":"AR","zip":"30201","promocode":"31","shippingAddress1":"A-224","shippingAddress2":"ddd","shippingCity":"Jaipur","shippingState":"AR","shippingZip":"30201"}
INFO - 2021-12-24 06:26:08 --> get_credit_card_info Received request{"customerId":47,"cardHolderName":"Naresh k","cardNumber":"5424000000000015","cvv":"999","expiryDate":"12\/25"}
INFO - 2021-12-24 06:26:08 --> Cusotmer Email sent
INFO - 2021-12-24 06:26:09 --> Admin Email sent
ERROR - 2021-12-24 06:26:10 --> Received request{"quantity":"1","unitPrice":"10.00","cardNumber":"5424000000000015","cardHolderName":"Naresh k","cvv":"999","expiryDate":"12\/25","email":"kuriwaln@opallios.com","address1":"A-224","address2":"ddd","city":"Jaipur","state":"AR","zip":"30201","promocode":"31","productName":"Ear Natural\u00ae ear drops","productDesc":"Truly a miraculous OTC medicine for ear-infections, so common among children.","shippingCharge":"4.95","shippingAddress1":"A-224","shippingAddress2":"ddd","shippingCity":"Jaipur","shippingState":"AR","shippingZip":"30201","optradio":"Same"}
INFO - 2021-12-24 06:26:10 --> get_customer_info Received request{"cardHolderName":"Naresh k","email":"kuriwaln@opallios.com","address1":"A-224","address2":"ddd","city":"Jaipur","state":"AR","zip":"30201","promocode":"31","shippingAddress1":"A-224","shippingAddress2":"ddd","shippingCity":"Jaipur","shippingState":"AR","shippingZip":"30201"}
INFO - 2021-12-24 06:26:10 --> get_credit_card_info Received request{"customerId":48,"cardHolderName":"Naresh k","cardNumber":"5424000000000015","cvv":"999","expiryDate":"12\/25"}
INFO - 2021-12-24 06:26:11 --> Cusotmer Email sent
INFO - 2021-12-24 06:26:11 --> Admin Email sent
ERROR - 2021-12-24 06:29:21 --> Received request{"quantity":"1","unitPrice":"45.00","cardNumber":"5424000000000015","cardHolderName":"Naresh","cvv":"999","expiryDate":"12\/25","email":"naresh.khuriwal89@gmail.com","address1":"Plot No 34,, Vrindavan Vihar C","address2":"","city":"JAIPUR","state":"ID","zip":"30201","promocode":"null","productName":"Ear Natural\u00ae ear drops","productDesc":"Truly a miraculous OTC medicine for ear-infections, so common among children.","shippingCharge":"4.95","shippingAddress1":"Plot No 34,, Vrindavan Vihar C","shippingAddress2":"","shippingCity":"JAIPUR","shippingState":"ID","shippingZip":"30201","optradio":"Same"}
INFO - 2021-12-24 06:29:21 --> get_customer_info Received request{"cardHolderName":"Naresh","email":"naresh.khuriwal89@gmail.com","address1":"Plot No 34,, Vrindavan Vihar C","address2":"","city":"JAIPUR","state":"ID","zip":"30201","promocode":"null","shippingAddress1":"Plot No 34,, Vrindavan Vihar C","shippingAddress2":"","shippingCity":"JAIPUR","shippingState":"ID","shippingZip":"30201"}
INFO - 2021-12-24 06:29:21 --> get_credit_card_info Received request{"customerId":49,"cardHolderName":"Naresh","cardNumber":"5424000000000015","cvv":"999","expiryDate":"12\/25"}
CRITICAL - 2021-12-24 06:29:21 --> Undefined variable: promocode
#0 /home/tchandipg/public_html/staging.earnatural.com/app/Controllers/Payment.php(279): CodeIgniter\Debug\Exceptions->errorHandler(8, 'Undefined varia...', '/home/tchandipg...', 279, Array)
#1 /home/tchandipg/public_html/staging.earnatural.com/app/Controllers/Payment.php(48): App\Controllers\Payment->getOrderItems(Object(stdClass))
#2 /home/tchandipg/public_html/staging.earnatural.com/vendor/codeigniter4/framework/system/CodeIgniter.php(824): App\Controllers\Payment->chargeCreditCard()
#3 /home/tchandipg/public_html/staging.earnatural.com/vendor/codeigniter4/framework/system/CodeIgniter.php(410): CodeIgniter\CodeIgniter->runController(Object(App\Controllers\Payment))
#4 /home/tchandipg/public_html/staging.earnatural.com/vendor/codeigniter4/framework/system/CodeIgniter.php(318): CodeIgniter\CodeIgniter->handleRequest(NULL, Object(Config\Cache), false)
#5 /home/tchandipg/public_html/staging.earnatural.com/index.php(37): CodeIgniter\CodeIgniter->run()
#6 {main}
ERROR - 2021-12-24 06:33:47 --> Received request{"quantity":"1","unitPrice":"45.00","cardNumber":"5424000000000015","cardHolderName":"n","cvv":"999","expiryDate":"12\/25","email":"naresh.khuriwal89@gmail.com","address1":"Plot No 34,, Vrindavan Vihar C","address2":"","city":"JAIPUR","state":"FL","zip":"30201","promocode":"null","productName":"Ear Natural\u00ae ear drops","productDesc":"Truly a miraculous OTC medicine for ear-infections, so common among children.","shippingCharge":"4.95","shippingAddress1":"Plot No 34,, Vrindavan Vihar C","shippingAddress2":"","shippingCity":"JAIPUR","shippingState":"FL","shippingZip":"30201","optradio":"Same"}
INFO - 2021-12-24 06:33:47 --> get_customer_info Received request{"cardHolderName":"n","email":"naresh.khuriwal89@gmail.com","address1":"Plot No 34,, Vrindavan Vihar C","address2":"","city":"JAIPUR","state":"FL","zip":"30201","promocode":"null","shippingAddress1":"Plot No 34,, Vrindavan Vihar C","shippingAddress2":"","shippingCity":"JAIPUR","shippingState":"FL","shippingZip":"30201"}
INFO - 2021-12-24 06:33:47 --> get_credit_card_info Received request{"customerId":50,"cardHolderName":"n","cardNumber":"5424000000000015","cvv":"999","expiryDate":"12\/25"}
INFO - 2021-12-24 06:33:47 --> Cusotmer Email sent
INFO - 2021-12-24 06:33:48 --> Admin Email sent
ERROR - 2021-12-24 06:38:46 --> Received request{"quantity":"1","unitPrice":"10.00","cardNumber":"5424000000000015","cardHolderName":"Naresh k","cvv":"999","expiryDate":"12\/25","email":"kuriwaln@opallios.com","address1":"A-224","address2":"ddd","city":"Jaipur","state":"AR","zip":"30201","promocode":"31","productName":"Ear Natural\u00ae ear drops","productDesc":"Truly a miraculous OTC medicine for ear-infections, so common among children.","shippingCharge":"4.95","shippingAddress1":"A-224","shippingAddress2":"ddd","shippingCity":"Jaipur","shippingState":"AR","shippingZip":"30201","optradio":"Same"}
INFO - 2021-12-24 06:38:46 --> get_customer_info Received request{"cardHolderName":"Naresh k","email":"kuriwaln@opallios.com","address1":"A-224","address2":"ddd","city":"Jaipur","state":"AR","zip":"30201","promocode":"31","shippingAddress1":"A-224","shippingAddress2":"ddd","shippingCity":"Jaipur","shippingState":"AR","shippingZip":"30201"}
INFO - 2021-12-24 06:38:46 --> get_credit_card_info Received request{"customerId":51,"cardHolderName":"Naresh k","cardNumber":"5424000000000015","cvv":"999","expiryDate":"12\/25"}
INFO - 2021-12-24 06:38:47 --> Cusotmer Email sent
INFO - 2021-12-24 06:38:47 --> Admin Email sent
ERROR - 2021-12-24 06:39:33 --> Received request{"quantity":"1","unitPrice":"45.00","cardNumber":"5424000000000015","cardHolderName":"mn","cvv":"999","expiryDate":"12\/25","email":"naresh.khuriwal89@gmail.com","address1":"Plot No 34,, Vrindavan Vihar C","address2":"nnn","city":"JAIPUR","state":"ID","zip":"30201","promocode":"null","productName":"Ear Natural\u00ae ear drops","productDesc":"Truly a miraculous OTC medicine for ear-infections, so common among children.","shippingCharge":"4.95","shippingAddress1":"Plot No 34,, Vrindavan Vihar C","shippingAddress2":"nnn","shippingCity":"JAIPUR","shippingState":"ID","shippingZip":"30201","optradio":"Same"}
INFO - 2021-12-24 06:39:33 --> get_customer_info Received request{"cardHolderName":"mn","email":"naresh.khuriwal89@gmail.com","address1":"Plot No 34,, Vrindavan Vihar C","address2":"nnn","city":"JAIPUR","state":"ID","zip":"30201","promocode":"null","shippingAddress1":"Plot No 34,, Vrindavan Vihar C","shippingAddress2":"nnn","shippingCity":"JAIPUR","shippingState":"ID","shippingZip":"30201"}
INFO - 2021-12-24 06:39:33 --> get_credit_card_info Received request{"customerId":52,"cardHolderName":"mn","cardNumber":"5424000000000015","cvv":"999","expiryDate":"12\/25"}
INFO - 2021-12-24 06:39:34 --> Cusotmer Email sent
INFO - 2021-12-24 06:39:34 --> Admin Email sent
