CRITICAL - 2021-12-22 00:57:03 --> CodeIgniter\Autoloader\Autoloader::main(): Failed opening required 'constants/SampleCodeConstants.php' (include_path='.:/opt/alt/php73/usr/share/pear')
#0 [internal function]: CodeIgniter\Debug\Exceptions->shutdownHandler()
#1 {main}
CRITICAL - 2021-12-22 00:58:27 --> Argument 1 passed to App\Entities\PaymentType::setCreditCard() must be an instance of net\authorize\api\contract\v1\CreditCardType, instance of App\Entities\CreditCardType given, called in /home/tchandipg/public_html/staging.earnatural.com/app/Controllers/Test.php on line 46
#0 /home/tchandipg/public_html/staging.earnatural.com/app/Controllers/Test.php(46): App\Entities\PaymentType->setCreditCard(Object(App\Entities\CreditCardType))
#1 /home/tchandipg/public_html/staging.earnatural.com/vendor/codeigniter4/framework/system/CodeIgniter.php(824): App\Controllers\Test->chargeCreditCard('25')
#2 /home/tchandipg/public_html/staging.earnatural.com/vendor/codeigniter4/framework/system/CodeIgniter.php(410): CodeIgniter\CodeIgniter->runController(Object(App\Controllers\Test))
#3 /home/tchandipg/public_html/staging.earnatural.com/vendor/codeigniter4/framework/system/CodeIgniter.php(318): CodeIgniter\CodeIgniter->handleRequest(NULL, Object(Config\Cache), false)
#4 /home/tchandipg/public_html/staging.earnatural.com/index.php(37): CodeIgniter\CodeIgniter->run()
#5 {main}
CRITICAL - 2021-12-22 01:16:22 --> Argument 1 passed to App\Entities\PaymentType::setCreditCard() must be an instance of net\authorize\api\contract\v1\CreditCardType, instance of App\Entities\CreditCardType given, called in /home/tchandipg/public_html/staging.earnatural.com/app/Controllers/Test.php on line 46
#0 /home/tchandipg/public_html/staging.earnatural.com/app/Controllers/Test.php(46): App\Entities\PaymentType->setCreditCard(Object(App\Entities\CreditCardType))
#1 /home/tchandipg/public_html/staging.earnatural.com/vendor/codeigniter4/framework/system/CodeIgniter.php(824): App\Controllers\Test->chargeCreditCard('25')
#2 /home/tchandipg/public_html/staging.earnatural.com/vendor/codeigniter4/framework/system/CodeIgniter.php(410): CodeIgniter\CodeIgniter->runController(Object(App\Controllers\Test))
#3 /home/tchandipg/public_html/staging.earnatural.com/vendor/codeigniter4/framework/system/CodeIgniter.php(318): CodeIgniter\CodeIgniter->handleRequest(NULL, Object(Config\Cache), false)
#4 /home/tchandipg/public_html/staging.earnatural.com/index.php(37): CodeIgniter\CodeIgniter->run()
#5 {main}
CRITICAL - 2021-12-22 01:16:24 --> Argument 1 passed to App\Entities\PaymentType::setCreditCard() must be an instance of net\authorize\api\contract\v1\CreditCardType, instance of App\Entities\CreditCardType given, called in /home/tchandipg/public_html/staging.earnatural.com/app/Controllers/Test.php on line 46
#0 /home/tchandipg/public_html/staging.earnatural.com/app/Controllers/Test.php(46): App\Entities\PaymentType->setCreditCard(Object(App\Entities\CreditCardType))
#1 /home/tchandipg/public_html/staging.earnatural.com/vendor/codeigniter4/framework/system/CodeIgniter.php(824): App\Controllers\Test->chargeCreditCard('25')
#2 /home/tchandipg/public_html/staging.earnatural.com/vendor/codeigniter4/framework/system/CodeIgniter.php(410): CodeIgniter\CodeIgniter->runController(Object(App\Controllers\Test))
#3 /home/tchandipg/public_html/staging.earnatural.com/vendor/codeigniter4/framework/system/CodeIgniter.php(318): CodeIgniter\CodeIgniter->handleRequest(NULL, Object(Config\Cache), false)
#4 /home/tchandipg/public_html/staging.earnatural.com/index.php(37): CodeIgniter\CodeIgniter->run()
#5 {main}
CRITICAL - 2021-12-22 01:16:25 --> Argument 1 passed to App\Entities\PaymentType::setCreditCard() must be an instance of net\authorize\api\contract\v1\CreditCardType, instance of App\Entities\CreditCardType given, called in /home/tchandipg/public_html/staging.earnatural.com/app/Controllers/Test.php on line 46
#0 /home/tchandipg/public_html/staging.earnatural.com/app/Controllers/Test.php(46): App\Entities\PaymentType->setCreditCard(Object(App\Entities\CreditCardType))
#1 /home/tchandipg/public_html/staging.earnatural.com/vendor/codeigniter4/framework/system/CodeIgniter.php(824): App\Controllers\Test->chargeCreditCard('25')
#2 /home/tchandipg/public_html/staging.earnatural.com/vendor/codeigniter4/framework/system/CodeIgniter.php(410): CodeIgniter\CodeIgniter->runController(Object(App\Controllers\Test))
#3 /home/tchandipg/public_html/staging.earnatural.com/vendor/codeigniter4/framework/system/CodeIgniter.php(318): CodeIgniter\CodeIgniter->handleRequest(NULL, Object(Config\Cache), false)
#4 /home/tchandipg/public_html/staging.earnatural.com/index.php(37): CodeIgniter\CodeIgniter->run()
#5 {main}
CRITICAL - 2021-12-22 01:19:54 --> Call to undefined function App\Controllers\type()
#0 /home/tchandipg/public_html/staging.earnatural.com/vendor/codeigniter4/framework/system/CodeIgniter.php(824): App\Controllers\Test->chargeCreditCard('25')
#1 /home/tchandipg/public_html/staging.earnatural.com/vendor/codeigniter4/framework/system/CodeIgniter.php(410): CodeIgniter\CodeIgniter->runController(Object(App\Controllers\Test))
#2 /home/tchandipg/public_html/staging.earnatural.com/vendor/codeigniter4/framework/system/CodeIgniter.php(318): CodeIgniter\CodeIgniter->handleRequest(NULL, Object(Config\Cache), false)
#3 /home/tchandipg/public_html/staging.earnatural.com/index.php(37): CodeIgniter\CodeIgniter->run()
#4 {main}
CRITICAL - 2021-12-22 01:20:23 --> Class 'App\Entities\NameAndAddressType' not found
#0 /home/tchandipg/public_html/staging.earnatural.com/vendor/codeigniter4/framework/system/Autoloader/Autoloader.php(264): include_once()
#1 /home/tchandipg/public_html/staging.earnatural.com/vendor/codeigniter4/framework/system/Autoloader/Autoloader.php(241): CodeIgniter\Autoloader\Autoloader->includeFile('/home/tchandipg...')
#2 /home/tchandipg/public_html/staging.earnatural.com/vendor/codeigniter4/framework/system/Autoloader/Autoloader.php(219): CodeIgniter\Autoloader\Autoloader->loadInNamespace('App\\Entities\\Cu...')
#3 [internal function]: CodeIgniter\Autoloader\Autoloader->loadClass('App\\Entities\\Cu...')
#4 /home/tchandipg/public_html/staging.earnatural.com/app/Controllers/Test.php(55): spl_autoload_call('App\\Entities\\Cu...')
#5 /home/tchandipg/public_html/staging.earnatural.com/vendor/codeigniter4/framework/system/CodeIgniter.php(824): App\Controllers\Test->chargeCreditCard('25')
#6 /home/tchandipg/public_html/staging.earnatural.com/vendor/codeigniter4/framework/system/CodeIgniter.php(410): CodeIgniter\CodeIgniter->runController(Object(App\Controllers\Test))
#7 /home/tchandipg/public_html/staging.earnatural.com/vendor/codeigniter4/framework/system/CodeIgniter.php(318): CodeIgniter\CodeIgniter->handleRequest(NULL, Object(Config\Cache), false)
#8 /home/tchandipg/public_html/staging.earnatural.com/index.php(37): CodeIgniter\CodeIgniter->run()
#9 {main}
CRITICAL - 2021-12-22 01:24:26 --> Class 'App\Entities\NameAndAddressType' not found
#0 /home/tchandipg/public_html/staging.earnatural.com/vendor/codeigniter4/framework/system/Autoloader/Autoloader.php(264): include_once()
#1 /home/tchandipg/public_html/staging.earnatural.com/vendor/codeigniter4/framework/system/Autoloader/Autoloader.php(241): CodeIgniter\Autoloader\Autoloader->includeFile('/home/tchandipg...')
#2 /home/tchandipg/public_html/staging.earnatural.com/vendor/codeigniter4/framework/system/Autoloader/Autoloader.php(219): CodeIgniter\Autoloader\Autoloader->loadInNamespace('App\\Entities\\Cu...')
#3 [internal function]: CodeIgniter\Autoloader\Autoloader->loadClass('App\\Entities\\Cu...')
#4 /home/tchandipg/public_html/staging.earnatural.com/app/Controllers/Test.php(55): spl_autoload_call('App\\Entities\\Cu...')
#5 /home/tchandipg/public_html/staging.earnatural.com/vendor/codeigniter4/framework/system/CodeIgniter.php(824): App\Controllers\Test->chargeCreditCard('25')
#6 /home/tchandipg/public_html/staging.earnatural.com/vendor/codeigniter4/framework/system/CodeIgniter.php(410): CodeIgniter\CodeIgniter->runController(Object(App\Controllers\Test))
#7 /home/tchandipg/public_html/staging.earnatural.com/vendor/codeigniter4/framework/system/CodeIgniter.php(318): CodeIgniter\CodeIgniter->handleRequest(NULL, Object(Config\Cache), false)
#8 /home/tchandipg/public_html/staging.earnatural.com/index.php(37): CodeIgniter\CodeIgniter->run()
#9 {main}
CRITICAL - 2021-12-22 01:25:36 --> Argument 1 passed to App\Entities\TransactionRequestType::setOrder() must be an instance of net\authorize\api\contract\v1\OrderType, instance of App\Entities\OrderType given, called in /home/tchandipg/public_html/staging.earnatural.com/app/Controllers/Test.php on line 90
#0 /home/tchandipg/public_html/staging.earnatural.com/app/Controllers/Test.php(90): App\Entities\TransactionRequestType->setOrder(Object(App\Entities\OrderType))
#1 /home/tchandipg/public_html/staging.earnatural.com/vendor/codeigniter4/framework/system/CodeIgniter.php(824): App\Controllers\Test->chargeCreditCard('25')
#2 /home/tchandipg/public_html/staging.earnatural.com/vendor/codeigniter4/framework/system/CodeIgniter.php(410): CodeIgniter\CodeIgniter->runController(Object(App\Controllers\Test))
#3 /home/tchandipg/public_html/staging.earnatural.com/vendor/codeigniter4/framework/system/CodeIgniter.php(318): CodeIgniter\CodeIgniter->handleRequest(NULL, Object(Config\Cache), false)
#4 /home/tchandipg/public_html/staging.earnatural.com/index.php(37): CodeIgniter\CodeIgniter->run()
#5 {main}
CRITICAL - 2021-12-22 02:25:45 --> Argument 1 passed to net\authorize\api\controller\CreateTransactionController::__construct() must be an instance of net\authorize\api\contract\v1\AnetApiRequestType, instance of App\Entities\CreateTransactionRequest given, called in /home/tchandipg/public_html/staging.earnatural.com/app/Controllers/Test.php on line 105
#0 /home/tchandipg/public_html/staging.earnatural.com/app/Controllers/Test.php(105): net\authorize\api\controller\CreateTransactionController->__construct(Object(App\Entities\CreateTransactionRequest))
#1 /home/tchandipg/public_html/staging.earnatural.com/vendor/codeigniter4/framework/system/CodeIgniter.php(824): App\Controllers\Test->chargeCreditCard('25')
#2 /home/tchandipg/public_html/staging.earnatural.com/vendor/codeigniter4/framework/system/CodeIgniter.php(410): CodeIgniter\CodeIgniter->runController(Object(App\Controllers\Test))
#3 /home/tchandipg/public_html/staging.earnatural.com/vendor/codeigniter4/framework/system/CodeIgniter.php(318): CodeIgniter\CodeIgniter->handleRequest(NULL, Object(Config\Cache), false)
#4 /home/tchandipg/public_html/staging.earnatural.com/index.php(37): CodeIgniter\CodeIgniter->run()
#5 {main}
CRITICAL - 2021-12-22 02:26:40 --> Class 'App\Entities\Mapper' not found
#0 [internal function]: App\Entities\CreateTransactionRequest->jsonSerialize()
#1 /home/tchandipg/public_html/staging.earnatural.com/app/Controllers/Test.php(104): json_encode(Object(App\Entities\CreateTransactionRequest))
#2 /home/tchandipg/public_html/staging.earnatural.com/vendor/codeigniter4/framework/system/CodeIgniter.php(824): App\Controllers\Test->chargeCreditCard('25')
#3 /home/tchandipg/public_html/staging.earnatural.com/vendor/codeigniter4/framework/system/CodeIgniter.php(410): CodeIgniter\CodeIgniter->runController(Object(App\Controllers\Test))
#4 /home/tchandipg/public_html/staging.earnatural.com/vendor/codeigniter4/framework/system/CodeIgniter.php(318): CodeIgniter\CodeIgniter->handleRequest(NULL, Object(Config\Cache), false)
#5 /home/tchandipg/public_html/staging.earnatural.com/index.php(37): CodeIgniter\CodeIgniter->run()
#6 {main}
CRITICAL - 2021-12-22 02:28:45 --> Class 'App\Utils\Mapper' not found
#0 [internal function]: App\Entities\CreateTransactionRequest->jsonSerialize()
#1 /home/tchandipg/public_html/staging.earnatural.com/app/Controllers/Test.php(104): json_encode(Object(App\Entities\CreateTransactionRequest))
#2 /home/tchandipg/public_html/staging.earnatural.com/vendor/codeigniter4/framework/system/CodeIgniter.php(824): App\Controllers\Test->chargeCreditCard('25')
#3 /home/tchandipg/public_html/staging.earnatural.com/vendor/codeigniter4/framework/system/CodeIgniter.php(410): CodeIgniter\CodeIgniter->runController(Object(App\Controllers\Test))
#4 /home/tchandipg/public_html/staging.earnatural.com/vendor/codeigniter4/framework/system/CodeIgniter.php(318): CodeIgniter\CodeIgniter->handleRequest(NULL, Object(Config\Cache), false)
#5 /home/tchandipg/public_html/staging.earnatural.com/index.php(37): CodeIgniter\CodeIgniter->run()
#6 {main}
CRITICAL - 2021-12-22 02:28:48 --> Class 'App\Utils\Mapper' not found
#0 [internal function]: App\Entities\CreateTransactionRequest->jsonSerialize()
#1 /home/tchandipg/public_html/staging.earnatural.com/app/Controllers/Test.php(104): json_encode(Object(App\Entities\CreateTransactionRequest))
#2 /home/tchandipg/public_html/staging.earnatural.com/vendor/codeigniter4/framework/system/CodeIgniter.php(824): App\Controllers\Test->chargeCreditCard('25')
#3 /home/tchandipg/public_html/staging.earnatural.com/vendor/codeigniter4/framework/system/CodeIgniter.php(410): CodeIgniter\CodeIgniter->runController(Object(App\Controllers\Test))
#4 /home/tchandipg/public_html/staging.earnatural.com/vendor/codeigniter4/framework/system/CodeIgniter.php(318): CodeIgniter\CodeIgniter->handleRequest(NULL, Object(Config\Cache), false)
#5 /home/tchandipg/public_html/staging.earnatural.com/index.php(37): CodeIgniter\CodeIgniter->run()
#6 {main}
CRITICAL - 2021-12-22 02:30:23 --> file_get_contents(/home/tchandipg/public_html/staging.earnatural.com/app/Utils/classes.json): failed to open stream: No such file or directory
#0 [internal function]: CodeIgniter\Debug\Exceptions->errorHandler(2, 'file_get_conten...', '/home/tchandipg...', 26, Array)
#1 /home/tchandipg/public_html/staging.earnatural.com/app/Utils/Mapper.php(26): file_get_contents('/home/tchandipg...')
#2 /home/tchandipg/public_html/staging.earnatural.com/app/Utils/Mapper.php(33): App\Utils\Mapper->__construct()
#3 /home/tchandipg/public_html/staging.earnatural.com/app/Entities/CreateTransactionRequest.php(46): App\Utils\Mapper::Instance()
#4 [internal function]: App\Entities\CreateTransactionRequest->jsonSerialize()
#5 /home/tchandipg/public_html/staging.earnatural.com/app/Controllers/Test.php(104): json_encode(Object(App\Entities\CreateTransactionRequest))
#6 /home/tchandipg/public_html/staging.earnatural.com/vendor/codeigniter4/framework/system/CodeIgniter.php(824): App\Controllers\Test->chargeCreditCard('25')
#7 /home/tchandipg/public_html/staging.earnatural.com/vendor/codeigniter4/framework/system/CodeIgniter.php(410): CodeIgniter\CodeIgniter->runController(Object(App\Controllers\Test))
#8 /home/tchandipg/public_html/staging.earnatural.com/vendor/codeigniter4/framework/system/CodeIgniter.php(318): CodeIgniter\CodeIgniter->handleRequest(NULL, Object(Config\Cache), false)
#9 /home/tchandipg/public_html/staging.earnatural.com/index.php(37): CodeIgniter\CodeIgniter->run()
#10 {main}
CRITICAL - 2021-12-22 02:31:17 --> Trying to get property 'className' of non-object
#0 /home/tchandipg/public_html/staging.earnatural.com/app/Entities/CreateTransactionRequest.php(50): CodeIgniter\Debug\Exceptions->errorHandler(8, 'Trying to get p...', '/home/tchandipg...', 50, Array)
#1 [internal function]: App\Entities\CreateTransactionRequest->jsonSerialize()
#2 /home/tchandipg/public_html/staging.earnatural.com/app/Controllers/Test.php(104): json_encode(Object(App\Entities\CreateTransactionRequest))
#3 /home/tchandipg/public_html/staging.earnatural.com/vendor/codeigniter4/framework/system/CodeIgniter.php(824): App\Controllers\Test->chargeCreditCard('25')
#4 /home/tchandipg/public_html/staging.earnatural.com/vendor/codeigniter4/framework/system/CodeIgniter.php(410): CodeIgniter\CodeIgniter->runController(Object(App\Controllers\Test))
#5 /home/tchandipg/public_html/staging.earnatural.com/vendor/codeigniter4/framework/system/CodeIgniter.php(318): CodeIgniter\CodeIgniter->handleRequest(NULL, Object(Config\Cache), false)
#6 /home/tchandipg/public_html/staging.earnatural.com/index.php(37): CodeIgniter\CodeIgniter->run()
#7 {main}
CRITICAL - 2021-12-22 02:34:39 --> Trying to get property 'className' of non-object
#0 /home/tchandipg/public_html/staging.earnatural.com/app/Entities/CreateTransactionRequest.php(52): CodeIgniter\Debug\Exceptions->errorHandler(8, 'Trying to get p...', '/home/tchandipg...', 52, Array)
#1 [internal function]: App\Entities\CreateTransactionRequest->jsonSerialize()
#2 /home/tchandipg/public_html/staging.earnatural.com/app/Controllers/Test.php(104): json_encode(Object(App\Entities\CreateTransactionRequest))
#3 /home/tchandipg/public_html/staging.earnatural.com/vendor/codeigniter4/framework/system/CodeIgniter.php(824): App\Controllers\Test->chargeCreditCard('25')
#4 /home/tchandipg/public_html/staging.earnatural.com/vendor/codeigniter4/framework/system/CodeIgniter.php(410): CodeIgniter\CodeIgniter->runController(Object(App\Controllers\Test))
#5 /home/tchandipg/public_html/staging.earnatural.com/vendor/codeigniter4/framework/system/CodeIgniter.php(318): CodeIgniter\CodeIgniter->handleRequest(NULL, Object(Config\Cache), false)
#6 /home/tchandipg/public_html/staging.earnatural.com/index.php(37): CodeIgniter\CodeIgniter->run()
#7 {main}
CRITICAL - 2021-12-22 02:34:43 --> Trying to get property 'className' of non-object
#0 /home/tchandipg/public_html/staging.earnatural.com/app/Entities/CreateTransactionRequest.php(52): CodeIgniter\Debug\Exceptions->errorHandler(8, 'Trying to get p...', '/home/tchandipg...', 52, Array)
#1 [internal function]: App\Entities\CreateTransactionRequest->jsonSerialize()
#2 /home/tchandipg/public_html/staging.earnatural.com/app/Controllers/Test.php(104): json_encode(Object(App\Entities\CreateTransactionRequest))
#3 /home/tchandipg/public_html/staging.earnatural.com/vendor/codeigniter4/framework/system/CodeIgniter.php(824): App\Controllers\Test->chargeCreditCard('25')
#4 /home/tchandipg/public_html/staging.earnatural.com/vendor/codeigniter4/framework/system/CodeIgniter.php(410): CodeIgniter\CodeIgniter->runController(Object(App\Controllers\Test))
#5 /home/tchandipg/public_html/staging.earnatural.com/vendor/codeigniter4/framework/system/CodeIgniter.php(318): CodeIgniter\CodeIgniter->handleRequest(NULL, Object(Config\Cache), false)
#6 /home/tchandipg/public_html/staging.earnatural.com/index.php(37): CodeIgniter\CodeIgniter->run()
#7 {main}
CRITICAL - 2021-12-22 02:35:46 --> Array to string conversion
#0 /home/tchandipg/public_html/staging.earnatural.com/app/Entities/CreateTransactionRequest.php(50): CodeIgniter\Debug\Exceptions->errorHandler(8, 'Array to string...', '/home/tchandipg...', 50, Array)
#1 [internal function]: App\Entities\CreateTransactionRequest->jsonSerialize()
#2 /home/tchandipg/public_html/staging.earnatural.com/app/Controllers/Test.php(104): json_encode(Object(App\Entities\CreateTransactionRequest))
#3 /home/tchandipg/public_html/staging.earnatural.com/vendor/codeigniter4/framework/system/CodeIgniter.php(824): App\Controllers\Test->chargeCreditCard('25')
#4 /home/tchandipg/public_html/staging.earnatural.com/vendor/codeigniter4/framework/system/CodeIgniter.php(410): CodeIgniter\CodeIgniter->runController(Object(App\Controllers\Test))
#5 /home/tchandipg/public_html/staging.earnatural.com/vendor/codeigniter4/framework/system/CodeIgniter.php(318): CodeIgniter\CodeIgniter->handleRequest(NULL, Object(Config\Cache), false)
#6 /home/tchandipg/public_html/staging.earnatural.com/index.php(37): CodeIgniter\CodeIgniter->run()
#7 {main}
CRITICAL - 2021-12-22 02:35:48 --> Array to string conversion
#0 /home/tchandipg/public_html/staging.earnatural.com/app/Entities/CreateTransactionRequest.php(50): CodeIgniter\Debug\Exceptions->errorHandler(8, 'Array to string...', '/home/tchandipg...', 50, Array)
#1 [internal function]: App\Entities\CreateTransactionRequest->jsonSerialize()
#2 /home/tchandipg/public_html/staging.earnatural.com/app/Controllers/Test.php(104): json_encode(Object(App\Entities\CreateTransactionRequest))
#3 /home/tchandipg/public_html/staging.earnatural.com/vendor/codeigniter4/framework/system/CodeIgniter.php(824): App\Controllers\Test->chargeCreditCard('25')
#4 /home/tchandipg/public_html/staging.earnatural.com/vendor/codeigniter4/framework/system/CodeIgniter.php(410): CodeIgniter\CodeIgniter->runController(Object(App\Controllers\Test))
#5 /home/tchandipg/public_html/staging.earnatural.com/vendor/codeigniter4/framework/system/CodeIgniter.php(318): CodeIgniter\CodeIgniter->handleRequest(NULL, Object(Config\Cache), false)
#6 /home/tchandipg/public_html/staging.earnatural.com/index.php(37): CodeIgniter\CodeIgniter->run()
#7 {main}
CRITICAL - 2021-12-22 02:36:11 --> Trying to get property 'className' of non-object
#0 /home/tchandipg/public_html/staging.earnatural.com/app/Entities/CreateTransactionRequest.php(52): CodeIgniter\Debug\Exceptions->errorHandler(8, 'Trying to get p...', '/home/tchandipg...', 52, Array)
#1 [internal function]: App\Entities\CreateTransactionRequest->jsonSerialize()
#2 /home/tchandipg/public_html/staging.earnatural.com/app/Controllers/Test.php(104): json_encode(Object(App\Entities\CreateTransactionRequest))
#3 /home/tchandipg/public_html/staging.earnatural.com/vendor/codeigniter4/framework/system/CodeIgniter.php(824): App\Controllers\Test->chargeCreditCard('25')
#4 /home/tchandipg/public_html/staging.earnatural.com/vendor/codeigniter4/framework/system/CodeIgniter.php(410): CodeIgniter\CodeIgniter->runController(Object(App\Controllers\Test))
#5 /home/tchandipg/public_html/staging.earnatural.com/vendor/codeigniter4/framework/system/CodeIgniter.php(318): CodeIgniter\CodeIgniter->handleRequest(NULL, Object(Config\Cache), false)
#6 /home/tchandipg/public_html/staging.earnatural.com/index.php(37): CodeIgniter\CodeIgniter->run()
#7 {main}
CRITICAL - 2021-12-22 02:38:15 --> Trying to get property 'className' of non-object
#0 /home/tchandipg/public_html/staging.earnatural.com/app/Entities/CreateTransactionRequest.php(52): CodeIgniter\Debug\Exceptions->errorHandler(8, 'Trying to get p...', '/home/tchandipg...', 52, Array)
#1 [internal function]: App\Entities\CreateTransactionRequest->jsonSerialize()
#2 /home/tchandipg/public_html/staging.earnatural.com/app/Controllers/Test.php(104): json_encode(Object(App\Entities\CreateTransactionRequest))
#3 /home/tchandipg/public_html/staging.earnatural.com/vendor/codeigniter4/framework/system/CodeIgniter.php(824): App\Controllers\Test->chargeCreditCard('25')
#4 /home/tchandipg/public_html/staging.earnatural.com/vendor/codeigniter4/framework/system/CodeIgniter.php(410): CodeIgniter\CodeIgniter->runController(Object(App\Controllers\Test))
#5 /home/tchandipg/public_html/staging.earnatural.com/vendor/codeigniter4/framework/system/CodeIgniter.php(318): CodeIgniter\CodeIgniter->handleRequest(NULL, Object(Config\Cache), false)
#6 /home/tchandipg/public_html/staging.earnatural.com/index.php(37): CodeIgniter\CodeIgniter->run()
#7 {main}
CRITICAL - 2021-12-22 02:38:52 --> Trying to get property 'className' of non-object
#0 /home/tchandipg/public_html/staging.earnatural.com/app/Entities/CreateTransactionRequest.php(52): CodeIgniter\Debug\Exceptions->errorHandler(8, 'Trying to get p...', '/home/tchandipg...', 52, Array)
#1 [internal function]: App\Entities\CreateTransactionRequest->jsonSerialize()
#2 /home/tchandipg/public_html/staging.earnatural.com/app/Controllers/Test.php(104): json_encode(Object(App\Entities\CreateTransactionRequest))
#3 /home/tchandipg/public_html/staging.earnatural.com/vendor/codeigniter4/framework/system/CodeIgniter.php(824): App\Controllers\Test->chargeCreditCard('25')
#4 /home/tchandipg/public_html/staging.earnatural.com/vendor/codeigniter4/framework/system/CodeIgniter.php(410): CodeIgniter\CodeIgniter->runController(Object(App\Controllers\Test))
#5 /home/tchandipg/public_html/staging.earnatural.com/vendor/codeigniter4/framework/system/CodeIgniter.php(318): CodeIgniter\CodeIgniter->handleRequest(NULL, Object(Config\Cache), false)
#6 /home/tchandipg/public_html/staging.earnatural.com/index.php(37): CodeIgniter\CodeIgniter->run()
#7 {main}
CRITICAL - 2021-12-22 02:45:16 --> Trying to get property 'className' of non-object
#0 /home/tchandipg/public_html/staging.earnatural.com/app/Entities/CreateTransactionRequest.php(52): CodeIgniter\Debug\Exceptions->errorHandler(8, 'Trying to get p...', '/home/tchandipg...', 52, Array)
#1 [internal function]: App\Entities\CreateTransactionRequest->jsonSerialize()
#2 /home/tchandipg/public_html/staging.earnatural.com/app/Controllers/Test.php(104): json_encode(Object(App\Entities\CreateTransactionRequest))
#3 /home/tchandipg/public_html/staging.earnatural.com/vendor/codeigniter4/framework/system/CodeIgniter.php(824): App\Controllers\Test->chargeCreditCard('25')
#4 /home/tchandipg/public_html/staging.earnatural.com/vendor/codeigniter4/framework/system/CodeIgniter.php(410): CodeIgniter\CodeIgniter->runController(Object(App\Controllers\Test))
#5 /home/tchandipg/public_html/staging.earnatural.com/vendor/codeigniter4/framework/system/CodeIgniter.php(318): CodeIgniter\CodeIgniter->handleRequest(NULL, Object(Config\Cache), false)
#6 /home/tchandipg/public_html/staging.earnatural.com/index.php(37): CodeIgniter\CodeIgniter->run()
#7 {main}
CRITICAL - 2021-12-22 02:45:17 --> Trying to get property 'className' of non-object
#0 /home/tchandipg/public_html/staging.earnatural.com/app/Entities/CreateTransactionRequest.php(52): CodeIgniter\Debug\Exceptions->errorHandler(8, 'Trying to get p...', '/home/tchandipg...', 52, Array)
#1 [internal function]: App\Entities\CreateTransactionRequest->jsonSerialize()
#2 /home/tchandipg/public_html/staging.earnatural.com/app/Controllers/Test.php(104): json_encode(Object(App\Entities\CreateTransactionRequest))
#3 /home/tchandipg/public_html/staging.earnatural.com/vendor/codeigniter4/framework/system/CodeIgniter.php(824): App\Controllers\Test->chargeCreditCard('25')
#4 /home/tchandipg/public_html/staging.earnatural.com/vendor/codeigniter4/framework/system/CodeIgniter.php(410): CodeIgniter\CodeIgniter->runController(Object(App\Controllers\Test))
#5 /home/tchandipg/public_html/staging.earnatural.com/vendor/codeigniter4/framework/system/CodeIgniter.php(318): CodeIgniter\CodeIgniter->handleRequest(NULL, Object(Config\Cache), false)
#6 /home/tchandipg/public_html/staging.earnatural.com/index.php(37): CodeIgniter\CodeIgniter->run()
#7 {main}
CRITICAL - 2021-12-22 02:47:47 --> Trying to get property 'className' of non-object
#0 /home/tchandipg/public_html/staging.earnatural.com/app/Entities/ANetApiRequestType.php(108): CodeIgniter\Debug\Exceptions->errorHandler(8, 'Trying to get p...', '/home/tchandipg...', 108, Array)
#1 /home/tchandipg/public_html/staging.earnatural.com/app/Entities/CreateTransactionRequest.php(69): App\Entities\ANetApiRequestType->jsonSerialize()
#2 [internal function]: App\Entities\CreateTransactionRequest->jsonSerialize()
#3 /home/tchandipg/public_html/staging.earnatural.com/app/Controllers/Test.php(104): json_encode(Object(App\Entities\CreateTransactionRequest))
#4 /home/tchandipg/public_html/staging.earnatural.com/vendor/codeigniter4/framework/system/CodeIgniter.php(824): App\Controllers\Test->chargeCreditCard('25')
#5 /home/tchandipg/public_html/staging.earnatural.com/vendor/codeigniter4/framework/system/CodeIgniter.php(410): CodeIgniter\CodeIgniter->runController(Object(App\Controllers\Test))
#6 /home/tchandipg/public_html/staging.earnatural.com/vendor/codeigniter4/framework/system/CodeIgniter.php(318): CodeIgniter\CodeIgniter->handleRequest(NULL, Object(Config\Cache), false)
#7 /home/tchandipg/public_html/staging.earnatural.com/index.php(37): CodeIgniter\CodeIgniter->run()
#8 {main}
CRITICAL - 2021-12-22 02:47:51 --> Trying to get property 'className' of non-object
#0 /home/tchandipg/public_html/staging.earnatural.com/app/Entities/ANetApiRequestType.php(108): CodeIgniter\Debug\Exceptions->errorHandler(8, 'Trying to get p...', '/home/tchandipg...', 108, Array)
#1 /home/tchandipg/public_html/staging.earnatural.com/app/Entities/CreateTransactionRequest.php(69): App\Entities\ANetApiRequestType->jsonSerialize()
#2 [internal function]: App\Entities\CreateTransactionRequest->jsonSerialize()
#3 /home/tchandipg/public_html/staging.earnatural.com/app/Controllers/Test.php(104): json_encode(Object(App\Entities\CreateTransactionRequest))
#4 /home/tchandipg/public_html/staging.earnatural.com/vendor/codeigniter4/framework/system/CodeIgniter.php(824): App\Controllers\Test->chargeCreditCard('25')
#5 /home/tchandipg/public_html/staging.earnatural.com/vendor/codeigniter4/framework/system/CodeIgniter.php(410): CodeIgniter\CodeIgniter->runController(Object(App\Controllers\Test))
#6 /home/tchandipg/public_html/staging.earnatural.com/vendor/codeigniter4/framework/system/CodeIgniter.php(318): CodeIgniter\CodeIgniter->handleRequest(NULL, Object(Config\Cache), false)
#7 /home/tchandipg/public_html/staging.earnatural.com/index.php(37): CodeIgniter\CodeIgniter->run()
#8 {main}
CRITICAL - 2021-12-22 02:48:24 --> Trying to get property 'className' of non-object
#0 /home/tchandipg/public_html/staging.earnatural.com/app/Entities/ANetApiRequestType.php(108): CodeIgniter\Debug\Exceptions->errorHandler(8, 'Trying to get p...', '/home/tchandipg...', 108, Array)
#1 /home/tchandipg/public_html/staging.earnatural.com/app/Entities/CreateTransactionRequest.php(69): App\Entities\ANetApiRequestType->jsonSerialize()
#2 [internal function]: App\Entities\CreateTransactionRequest->jsonSerialize()
#3 /home/tchandipg/public_html/staging.earnatural.com/app/Controllers/Test.php(104): json_encode(Object(App\Entities\CreateTransactionRequest))
#4 /home/tchandipg/public_html/staging.earnatural.com/vendor/codeigniter4/framework/system/CodeIgniter.php(824): App\Controllers\Test->chargeCreditCard('25')
#5 /home/tchandipg/public_html/staging.earnatural.com/vendor/codeigniter4/framework/system/CodeIgniter.php(410): CodeIgniter\CodeIgniter->runController(Object(App\Controllers\Test))
#6 /home/tchandipg/public_html/staging.earnatural.com/vendor/codeigniter4/framework/system/CodeIgniter.php(318): CodeIgniter\CodeIgniter->handleRequest(NULL, Object(Config\Cache), false)
#7 /home/tchandipg/public_html/staging.earnatural.com/index.php(37): CodeIgniter\CodeIgniter->run()
#8 {main}
CRITICAL - 2021-12-22 02:48:26 --> Trying to get property 'className' of non-object
#0 /home/tchandipg/public_html/staging.earnatural.com/app/Entities/ANetApiRequestType.php(108): CodeIgniter\Debug\Exceptions->errorHandler(8, 'Trying to get p...', '/home/tchandipg...', 108, Array)
#1 /home/tchandipg/public_html/staging.earnatural.com/app/Entities/CreateTransactionRequest.php(69): App\Entities\ANetApiRequestType->jsonSerialize()
#2 [internal function]: App\Entities\CreateTransactionRequest->jsonSerialize()
#3 /home/tchandipg/public_html/staging.earnatural.com/app/Controllers/Test.php(104): json_encode(Object(App\Entities\CreateTransactionRequest))
#4 /home/tchandipg/public_html/staging.earnatural.com/vendor/codeigniter4/framework/system/CodeIgniter.php(824): App\Controllers\Test->chargeCreditCard('25')
#5 /home/tchandipg/public_html/staging.earnatural.com/vendor/codeigniter4/framework/system/CodeIgniter.php(410): CodeIgniter\CodeIgniter->runController(Object(App\Controllers\Test))
#6 /home/tchandipg/public_html/staging.earnatural.com/vendor/codeigniter4/framework/system/CodeIgniter.php(318): CodeIgniter\CodeIgniter->handleRequest(NULL, Object(Config\Cache), false)
#7 /home/tchandipg/public_html/staging.earnatural.com/index.php(37): CodeIgniter\CodeIgniter->run()
#8 {main}
CRITICAL - 2021-12-22 02:49:33 --> Trying to get property 'className' of non-object
#0 /home/tchandipg/public_html/staging.earnatural.com/app/Entities/MerchantAuthenticationType.php(215): CodeIgniter\Debug\Exceptions->errorHandler(8, 'Trying to get p...', '/home/tchandipg...', 215, Array)
#1 [internal function]: App\Entities\MerchantAuthenticationType->jsonSerialize()
#2 /home/tchandipg/public_html/staging.earnatural.com/app/Controllers/Test.php(104): json_encode(Object(App\Entities\CreateTransactionRequest))
#3 /home/tchandipg/public_html/staging.earnatural.com/vendor/codeigniter4/framework/system/CodeIgniter.php(824): App\Controllers\Test->chargeCreditCard('25')
#4 /home/tchandipg/public_html/staging.earnatural.com/vendor/codeigniter4/framework/system/CodeIgniter.php(410): CodeIgniter\CodeIgniter->runController(Object(App\Controllers\Test))
#5 /home/tchandipg/public_html/staging.earnatural.com/vendor/codeigniter4/framework/system/CodeIgniter.php(318): CodeIgniter\CodeIgniter->handleRequest(NULL, Object(Config\Cache), false)
#6 /home/tchandipg/public_html/staging.earnatural.com/index.php(37): CodeIgniter\CodeIgniter->run()
#7 {main}
CRITICAL - 2021-12-22 02:49:35 --> Trying to get property 'className' of non-object
#0 /home/tchandipg/public_html/staging.earnatural.com/app/Entities/MerchantAuthenticationType.php(215): CodeIgniter\Debug\Exceptions->errorHandler(8, 'Trying to get p...', '/home/tchandipg...', 215, Array)
#1 [internal function]: App\Entities\MerchantAuthenticationType->jsonSerialize()
#2 /home/tchandipg/public_html/staging.earnatural.com/app/Controllers/Test.php(104): json_encode(Object(App\Entities\CreateTransactionRequest))
#3 /home/tchandipg/public_html/staging.earnatural.com/vendor/codeigniter4/framework/system/CodeIgniter.php(824): App\Controllers\Test->chargeCreditCard('25')
#4 /home/tchandipg/public_html/staging.earnatural.com/vendor/codeigniter4/framework/system/CodeIgniter.php(410): CodeIgniter\CodeIgniter->runController(Object(App\Controllers\Test))
#5 /home/tchandipg/public_html/staging.earnatural.com/vendor/codeigniter4/framework/system/CodeIgniter.php(318): CodeIgniter\CodeIgniter->handleRequest(NULL, Object(Config\Cache), false)
#6 /home/tchandipg/public_html/staging.earnatural.com/index.php(37): CodeIgniter\CodeIgniter->run()
#7 {main}
CRITICAL - 2021-12-22 02:50:16 --> Trying to get property 'className' of non-object
#0 /home/tchandipg/public_html/staging.earnatural.com/app/Entities/TransactionRequestType.php(1130): CodeIgniter\Debug\Exceptions->errorHandler(8, 'Trying to get p...', '/home/tchandipg...', 1130, Array)
#1 [internal function]: App\Entities\TransactionRequestType->jsonSerialize()
#2 /home/tchandipg/public_html/staging.earnatural.com/app/Controllers/Test.php(104): json_encode(Object(App\Entities\CreateTransactionRequest))
#3 /home/tchandipg/public_html/staging.earnatural.com/vendor/codeigniter4/framework/system/CodeIgniter.php(824): App\Controllers\Test->chargeCreditCard('25')
#4 /home/tchandipg/public_html/staging.earnatural.com/vendor/codeigniter4/framework/system/CodeIgniter.php(410): CodeIgniter\CodeIgniter->runController(Object(App\Controllers\Test))
#5 /home/tchandipg/public_html/staging.earnatural.com/vendor/codeigniter4/framework/system/CodeIgniter.php(318): CodeIgniter\CodeIgniter->handleRequest(NULL, Object(Config\Cache), false)
#6 /home/tchandipg/public_html/staging.earnatural.com/index.php(37): CodeIgniter\CodeIgniter->run()
#7 {main}
CRITICAL - 2021-12-22 02:50:18 --> Trying to get property 'className' of non-object
#0 /home/tchandipg/public_html/staging.earnatural.com/app/Entities/TransactionRequestType.php(1130): CodeIgniter\Debug\Exceptions->errorHandler(8, 'Trying to get p...', '/home/tchandipg...', 1130, Array)
#1 [internal function]: App\Entities\TransactionRequestType->jsonSerialize()
#2 /home/tchandipg/public_html/staging.earnatural.com/app/Controllers/Test.php(104): json_encode(Object(App\Entities\CreateTransactionRequest))
#3 /home/tchandipg/public_html/staging.earnatural.com/vendor/codeigniter4/framework/system/CodeIgniter.php(824): App\Controllers\Test->chargeCreditCard('25')
#4 /home/tchandipg/public_html/staging.earnatural.com/vendor/codeigniter4/framework/system/CodeIgniter.php(410): CodeIgniter\CodeIgniter->runController(Object(App\Controllers\Test))
#5 /home/tchandipg/public_html/staging.earnatural.com/vendor/codeigniter4/framework/system/CodeIgniter.php(318): CodeIgniter\CodeIgniter->handleRequest(NULL, Object(Config\Cache), false)
#6 /home/tchandipg/public_html/staging.earnatural.com/index.php(37): CodeIgniter\CodeIgniter->run()
#7 {main}
CRITICAL - 2021-12-22 02:50:46 --> Trying to get property 'isInlineArray' of non-object
#0 /home/tchandipg/public_html/staging.earnatural.com/app/Entities/TransactionRequestType.php(1139): CodeIgniter\Debug\Exceptions->errorHandler(8, 'Trying to get p...', '/home/tchandipg...', 1139, Array)
#1 [internal function]: App\Entities\TransactionRequestType->jsonSerialize()
#2 /home/tchandipg/public_html/staging.earnatural.com/app/Controllers/Test.php(104): json_encode(Object(App\Entities\CreateTransactionRequest))
#3 /home/tchandipg/public_html/staging.earnatural.com/vendor/codeigniter4/framework/system/CodeIgniter.php(824): App\Controllers\Test->chargeCreditCard('25')
#4 /home/tchandipg/public_html/staging.earnatural.com/vendor/codeigniter4/framework/system/CodeIgniter.php(410): CodeIgniter\CodeIgniter->runController(Object(App\Controllers\Test))
#5 /home/tchandipg/public_html/staging.earnatural.com/vendor/codeigniter4/framework/system/CodeIgniter.php(318): CodeIgniter\CodeIgniter->handleRequest(NULL, Object(Config\Cache), false)
#6 /home/tchandipg/public_html/staging.earnatural.com/index.php(37): CodeIgniter\CodeIgniter->run()
#7 {main}
CRITICAL - 2021-12-22 02:52:19 --> Trying to get property 'isInlineArray' of non-object
#0 /home/tchandipg/public_html/staging.earnatural.com/app/Entities/TransactionRequestType.php(1139): CodeIgniter\Debug\Exceptions->errorHandler(8, 'Trying to get p...', '/home/tchandipg...', 1139, Array)
#1 [internal function]: App\Entities\TransactionRequestType->jsonSerialize()
#2 /home/tchandipg/public_html/staging.earnatural.com/app/Controllers/Test.php(104): json_encode(Object(App\Entities\CreateTransactionRequest))
#3 /home/tchandipg/public_html/staging.earnatural.com/vendor/codeigniter4/framework/system/CodeIgniter.php(824): App\Controllers\Test->chargeCreditCard('25')
#4 /home/tchandipg/public_html/staging.earnatural.com/vendor/codeigniter4/framework/system/CodeIgniter.php(410): CodeIgniter\CodeIgniter->runController(Object(App\Controllers\Test))
#5 /home/tchandipg/public_html/staging.earnatural.com/vendor/codeigniter4/framework/system/CodeIgniter.php(318): CodeIgniter\CodeIgniter->handleRequest(NULL, Object(Config\Cache), false)
#6 /home/tchandipg/public_html/staging.earnatural.com/index.php(37): CodeIgniter\CodeIgniter->run()
#7 {main}
CRITICAL - 2021-12-22 02:52:21 --> Trying to get property 'isInlineArray' of non-object
#0 /home/tchandipg/public_html/staging.earnatural.com/app/Entities/TransactionRequestType.php(1139): CodeIgniter\Debug\Exceptions->errorHandler(8, 'Trying to get p...', '/home/tchandipg...', 1139, Array)
#1 [internal function]: App\Entities\TransactionRequestType->jsonSerialize()
#2 /home/tchandipg/public_html/staging.earnatural.com/app/Controllers/Test.php(104): json_encode(Object(App\Entities\CreateTransactionRequest))
#3 /home/tchandipg/public_html/staging.earnatural.com/vendor/codeigniter4/framework/system/CodeIgniter.php(824): App\Controllers\Test->chargeCreditCard('25')
#4 /home/tchandipg/public_html/staging.earnatural.com/vendor/codeigniter4/framework/system/CodeIgniter.php(410): CodeIgniter\CodeIgniter->runController(Object(App\Controllers\Test))
#5 /home/tchandipg/public_html/staging.earnatural.com/vendor/codeigniter4/framework/system/CodeIgniter.php(318): CodeIgniter\CodeIgniter->handleRequest(NULL, Object(Config\Cache), false)
#6 /home/tchandipg/public_html/staging.earnatural.com/index.php(37): CodeIgniter\CodeIgniter->run()
#7 {main}
CRITICAL - 2021-12-22 02:53:17 --> Trying to get property 'className' of non-object
#0 /home/tchandipg/public_html/staging.earnatural.com/app/Entities/TransactionRequestType.php(1130): CodeIgniter\Debug\Exceptions->errorHandler(8, 'Trying to get p...', '/home/tchandipg...', 1130, Array)
#1 [internal function]: App\Entities\TransactionRequestType->jsonSerialize()
#2 /home/tchandipg/public_html/staging.earnatural.com/app/Controllers/Test.php(104): json_encode(Object(App\Entities\CreateTransactionRequest))
#3 /home/tchandipg/public_html/staging.earnatural.com/vendor/codeigniter4/framework/system/CodeIgniter.php(824): App\Controllers\Test->chargeCreditCard('25')
#4 /home/tchandipg/public_html/staging.earnatural.com/vendor/codeigniter4/framework/system/CodeIgniter.php(410): CodeIgniter\CodeIgniter->runController(Object(App\Controllers\Test))
#5 /home/tchandipg/public_html/staging.earnatural.com/vendor/codeigniter4/framework/system/CodeIgniter.php(318): CodeIgniter\CodeIgniter->handleRequest(NULL, Object(Config\Cache), false)
#6 /home/tchandipg/public_html/staging.earnatural.com/index.php(37): CodeIgniter\CodeIgniter->run()
#7 {main}
CRITICAL - 2021-12-22 02:54:43 --> Trying to get property 'className' of non-object
#0 /home/tchandipg/public_html/staging.earnatural.com/app/Entities/TransactionRequestType.php(1131): CodeIgniter\Debug\Exceptions->errorHandler(8, 'Trying to get p...', '/home/tchandipg...', 1131, Array)
#1 [internal function]: App\Entities\TransactionRequestType->jsonSerialize()
#2 /home/tchandipg/public_html/staging.earnatural.com/app/Controllers/Test.php(104): json_encode(Object(App\Entities\CreateTransactionRequest))
#3 /home/tchandipg/public_html/staging.earnatural.com/vendor/codeigniter4/framework/system/CodeIgniter.php(824): App\Controllers\Test->chargeCreditCard('25')
#4 /home/tchandipg/public_html/staging.earnatural.com/vendor/codeigniter4/framework/system/CodeIgniter.php(410): CodeIgniter\CodeIgniter->runController(Object(App\Controllers\Test))
#5 /home/tchandipg/public_html/staging.earnatural.com/vendor/codeigniter4/framework/system/CodeIgniter.php(318): CodeIgniter\CodeIgniter->handleRequest(NULL, Object(Config\Cache), false)
#6 /home/tchandipg/public_html/staging.earnatural.com/index.php(37): CodeIgniter\CodeIgniter->run()
#7 {main}
CRITICAL - 2021-12-22 02:54:44 --> Trying to get property 'className' of non-object
#0 /home/tchandipg/public_html/staging.earnatural.com/app/Entities/TransactionRequestType.php(1131): CodeIgniter\Debug\Exceptions->errorHandler(8, 'Trying to get p...', '/home/tchandipg...', 1131, Array)
#1 [internal function]: App\Entities\TransactionRequestType->jsonSerialize()
#2 /home/tchandipg/public_html/staging.earnatural.com/app/Controllers/Test.php(104): json_encode(Object(App\Entities\CreateTransactionRequest))
#3 /home/tchandipg/public_html/staging.earnatural.com/vendor/codeigniter4/framework/system/CodeIgniter.php(824): App\Controllers\Test->chargeCreditCard('25')
#4 /home/tchandipg/public_html/staging.earnatural.com/vendor/codeigniter4/framework/system/CodeIgniter.php(410): CodeIgniter\CodeIgniter->runController(Object(App\Controllers\Test))
#5 /home/tchandipg/public_html/staging.earnatural.com/vendor/codeigniter4/framework/system/CodeIgniter.php(318): CodeIgniter\CodeIgniter->handleRequest(NULL, Object(Config\Cache), false)
#6 /home/tchandipg/public_html/staging.earnatural.com/index.php(37): CodeIgniter\CodeIgniter->run()
#7 {main}
CRITICAL - 2021-12-22 02:54:46 --> Trying to get property 'className' of non-object
#0 /home/tchandipg/public_html/staging.earnatural.com/app/Entities/TransactionRequestType.php(1131): CodeIgniter\Debug\Exceptions->errorHandler(8, 'Trying to get p...', '/home/tchandipg...', 1131, Array)
#1 [internal function]: App\Entities\TransactionRequestType->jsonSerialize()
#2 /home/tchandipg/public_html/staging.earnatural.com/app/Controllers/Test.php(104): json_encode(Object(App\Entities\CreateTransactionRequest))
#3 /home/tchandipg/public_html/staging.earnatural.com/vendor/codeigniter4/framework/system/CodeIgniter.php(824): App\Controllers\Test->chargeCreditCard('25')
#4 /home/tchandipg/public_html/staging.earnatural.com/vendor/codeigniter4/framework/system/CodeIgniter.php(410): CodeIgniter\CodeIgniter->runController(Object(App\Controllers\Test))
#5 /home/tchandipg/public_html/staging.earnatural.com/vendor/codeigniter4/framework/system/CodeIgniter.php(318): CodeIgniter\CodeIgniter->handleRequest(NULL, Object(Config\Cache), false)
#6 /home/tchandipg/public_html/staging.earnatural.com/index.php(37): CodeIgniter\CodeIgniter->run()
#7 {main}
CRITICAL - 2021-12-22 02:54:51 --> Trying to get property 'className' of non-object
#0 /home/tchandipg/public_html/staging.earnatural.com/app/Entities/TransactionRequestType.php(1131): CodeIgniter\Debug\Exceptions->errorHandler(8, 'Trying to get p...', '/home/tchandipg...', 1131, Array)
#1 [internal function]: App\Entities\TransactionRequestType->jsonSerialize()
#2 /home/tchandipg/public_html/staging.earnatural.com/app/Controllers/Test.php(104): json_encode(Object(App\Entities\CreateTransactionRequest))
#3 /home/tchandipg/public_html/staging.earnatural.com/vendor/codeigniter4/framework/system/CodeIgniter.php(824): App\Controllers\Test->chargeCreditCard('25')
#4 /home/tchandipg/public_html/staging.earnatural.com/vendor/codeigniter4/framework/system/CodeIgniter.php(410): CodeIgniter\CodeIgniter->runController(Object(App\Controllers\Test))
#5 /home/tchandipg/public_html/staging.earnatural.com/vendor/codeigniter4/framework/system/CodeIgniter.php(318): CodeIgniter\CodeIgniter->handleRequest(NULL, Object(Config\Cache), false)
#6 /home/tchandipg/public_html/staging.earnatural.com/index.php(37): CodeIgniter\CodeIgniter->run()
#7 {main}
CRITICAL - 2021-12-22 02:55:56 --> Trying to get property 'className' of non-object
#0 /home/tchandipg/public_html/staging.earnatural.com/app/Entities/TransactionRequestType.php(1131): CodeIgniter\Debug\Exceptions->errorHandler(8, 'Trying to get p...', '/home/tchandipg...', 1131, Array)
#1 [internal function]: App\Entities\TransactionRequestType->jsonSerialize()
#2 /home/tchandipg/public_html/staging.earnatural.com/app/Controllers/Test.php(104): json_encode(Object(App\Entities\CreateTransactionRequest))
#3 /home/tchandipg/public_html/staging.earnatural.com/vendor/codeigniter4/framework/system/CodeIgniter.php(824): App\Controllers\Test->chargeCreditCard('25')
#4 /home/tchandipg/public_html/staging.earnatural.com/vendor/codeigniter4/framework/system/CodeIgniter.php(410): CodeIgniter\CodeIgniter->runController(Object(App\Controllers\Test))
#5 /home/tchandipg/public_html/staging.earnatural.com/vendor/codeigniter4/framework/system/CodeIgniter.php(318): CodeIgniter\CodeIgniter->handleRequest(NULL, Object(Config\Cache), false)
#6 /home/tchandipg/public_html/staging.earnatural.com/index.php(37): CodeIgniter\CodeIgniter->run()
#7 {main}
CRITICAL - 2021-12-22 02:56:20 --> Trying to get property 'className' of non-object
#0 /home/tchandipg/public_html/staging.earnatural.com/app/Entities/TransactionRequestType.php(1131): CodeIgniter\Debug\Exceptions->errorHandler(8, 'Trying to get p...', '/home/tchandipg...', 1131, Array)
#1 [internal function]: App\Entities\TransactionRequestType->jsonSerialize()
#2 /home/tchandipg/public_html/staging.earnatural.com/app/Controllers/Test.php(104): json_encode(Object(App\Entities\CreateTransactionRequest))
#3 /home/tchandipg/public_html/staging.earnatural.com/vendor/codeigniter4/framework/system/CodeIgniter.php(824): App\Controllers\Test->chargeCreditCard('25')
#4 /home/tchandipg/public_html/staging.earnatural.com/vendor/codeigniter4/framework/system/CodeIgniter.php(410): CodeIgniter\CodeIgniter->runController(Object(App\Controllers\Test))
#5 /home/tchandipg/public_html/staging.earnatural.com/vendor/codeigniter4/framework/system/CodeIgniter.php(318): CodeIgniter\CodeIgniter->handleRequest(NULL, Object(Config\Cache), false)
#6 /home/tchandipg/public_html/staging.earnatural.com/index.php(37): CodeIgniter\CodeIgniter->run()
#7 {main}
CRITICAL - 2021-12-22 02:57:15 --> Trying to get property 'className' of non-object
#0 /home/tchandipg/public_html/staging.earnatural.com/app/Entities/TransactionRequestType.php(1131): CodeIgniter\Debug\Exceptions->errorHandler(8, 'Trying to get p...', '/home/tchandipg...', 1131, Array)
#1 [internal function]: App\Entities\TransactionRequestType->jsonSerialize()
#2 /home/tchandipg/public_html/staging.earnatural.com/app/Controllers/Test.php(104): json_encode(Object(App\Entities\CreateTransactionRequest))
#3 /home/tchandipg/public_html/staging.earnatural.com/vendor/codeigniter4/framework/system/CodeIgniter.php(824): App\Controllers\Test->chargeCreditCard('25')
#4 /home/tchandipg/public_html/staging.earnatural.com/vendor/codeigniter4/framework/system/CodeIgniter.php(410): CodeIgniter\CodeIgniter->runController(Object(App\Controllers\Test))
#5 /home/tchandipg/public_html/staging.earnatural.com/vendor/codeigniter4/framework/system/CodeIgniter.php(318): CodeIgniter\CodeIgniter->handleRequest(NULL, Object(Config\Cache), false)
#6 /home/tchandipg/public_html/staging.earnatural.com/index.php(37): CodeIgniter\CodeIgniter->run()
#7 {main}
CRITICAL - 2021-12-22 02:57:51 --> Trying to get property 'className' of non-object
#0 /home/tchandipg/public_html/staging.earnatural.com/app/Entities/TransactionRequestType.php(1131): CodeIgniter\Debug\Exceptions->errorHandler(8, 'Trying to get p...', '/home/tchandipg...', 1131, Array)
#1 [internal function]: App\Entities\TransactionRequestType->jsonSerialize()
#2 /home/tchandipg/public_html/staging.earnatural.com/app/Controllers/Test.php(104): json_encode(Object(App\Entities\CreateTransactionRequest))
#3 /home/tchandipg/public_html/staging.earnatural.com/vendor/codeigniter4/framework/system/CodeIgniter.php(824): App\Controllers\Test->chargeCreditCard('25')
#4 /home/tchandipg/public_html/staging.earnatural.com/vendor/codeigniter4/framework/system/CodeIgniter.php(410): CodeIgniter\CodeIgniter->runController(Object(App\Controllers\Test))
#5 /home/tchandipg/public_html/staging.earnatural.com/vendor/codeigniter4/framework/system/CodeIgniter.php(318): CodeIgniter\CodeIgniter->handleRequest(NULL, Object(Config\Cache), false)
#6 /home/tchandipg/public_html/staging.earnatural.com/index.php(37): CodeIgniter\CodeIgniter->run()
#7 {main}
CRITICAL - 2021-12-22 03:01:45 --> Argument 1 passed to net\authorize\api\controller\CreateTransactionController::__construct() must be an instance of net\authorize\api\contract\v1\AnetApiRequestType, instance of App\Entities\CreateTransactionRequest given, called in /home/tchandipg/public_html/staging.earnatural.com/app/Controllers/Test.php on line 107
#0 /home/tchandipg/public_html/staging.earnatural.com/app/Controllers/Test.php(107): net\authorize\api\controller\CreateTransactionController->__construct(Object(App\Entities\CreateTransactionRequest))
#1 /home/tchandipg/public_html/staging.earnatural.com/vendor/codeigniter4/framework/system/CodeIgniter.php(824): App\Controllers\Test->chargeCreditCard('25')
#2 /home/tchandipg/public_html/staging.earnatural.com/vendor/codeigniter4/framework/system/CodeIgniter.php(410): CodeIgniter\CodeIgniter->runController(Object(App\Controllers\Test))
#3 /home/tchandipg/public_html/staging.earnatural.com/vendor/codeigniter4/framework/system/CodeIgniter.php(318): CodeIgniter\CodeIgniter->handleRequest(NULL, Object(Config\Cache), false)
#4 /home/tchandipg/public_html/staging.earnatural.com/index.php(37): CodeIgniter\CodeIgniter->run()
#5 {main}
CRITICAL - 2021-12-22 03:04:12 --> Argument 1 passed to net\authorize\api\controller\CreateTransactionController::__construct() must be an instance of net\authorize\api\contract\v1\AnetApiRequestType, instance of App\Entities\CreateTransactionRequest given, called in /home/tchandipg/public_html/staging.earnatural.com/app/Controllers/Test.php on line 107
#0 /home/tchandipg/public_html/staging.earnatural.com/app/Controllers/Test.php(107): net\authorize\api\controller\CreateTransactionController->__construct(Object(App\Entities\CreateTransactionRequest))
#1 /home/tchandipg/public_html/staging.earnatural.com/vendor/codeigniter4/framework/system/CodeIgniter.php(824): App\Controllers\Test->chargeCreditCard('25')
#2 /home/tchandipg/public_html/staging.earnatural.com/vendor/codeigniter4/framework/system/CodeIgniter.php(410): CodeIgniter\CodeIgniter->runController(Object(App\Controllers\Test))
#3 /home/tchandipg/public_html/staging.earnatural.com/vendor/codeigniter4/framework/system/CodeIgniter.php(318): CodeIgniter\CodeIgniter->handleRequest(NULL, Object(Config\Cache), false)
#4 /home/tchandipg/public_html/staging.earnatural.com/index.php(37): CodeIgniter\CodeIgniter->run()
#5 {main}
ERROR - 2021-12-22 03:15:29 --> Received request{"quantity":"1","unitPrice":"45.00","cardNumber":"5424000000000015","card_holder_name":"vishnu agrawal","cvv":"999","expiryDate":"11\/25","email":"designervka@gmail.com","address_1":"47 green city","address_2":"","city":"jaipur","state":"AK","zip":"12558","promocode":"32","product_name":"Ear Natural\u00ae ear drops","product_desc":"Truly a miraculous OTC medicine for ear-infections, so common among children.","shipping_charge":"4.95","shipping_address_1":"101 londan home","shipping_address_2":"kanti nagar","shipping_city":"jaipur","shipping_state":"AK","shipping_zip":"12345","optradio":"different"}
INFO - 2021-12-22 03:15:29 --> get_customer_info Received request{"card_holder_name":"vishnu agrawal","email":"designervka@gmail.com","address_1":"47 green city","address_2":"","city":"jaipur","state":"AK","zip":"12558","promocode":"32","shipping_address_1":"101 londan home","shipping_address_2":"kanti nagar","shipping_city":"jaipur","shipping_state":"AK","shipping_zip":"12345","created_at":"2021-12-22 03:15:29"}
ERROR - 2021-12-22 03:15:29 --> get_post_request Received request{"quantity":"1","unitPrice":"45.00","cardNumber":"5424000000000015","card_holder_name":"vishnu agrawal","cvv":"999","expiryDate":"11\/25","email":"designervka@gmail.com","address_1":"47 green city","address_2":"","city":"jaipur","state":"AK","zip":"12558","promocode":"32","product_name":"Ear Natural\u00ae ear drops","product_desc":"Truly a miraculous OTC medicine for ear-infections, so common among children.","shipping_charge":"4.95","shipping_address_1":"101 londan home","shipping_address_2":"kanti nagar","shipping_city":"jaipur","shipping_state":"AK","shipping_zip":"12345","optradio":"different"}
INFO - 2021-12-22 03:15:29 --> promoCodeID ================:32
INFO - 2021-12-22 03:15:29 --> promoCode ================:{"id":"32","product_name":"EarNatural","promocode_title":"FIRST SCHOOL","promocode":"FIRSTSCHOOL","promocode_discount":"33","promocode_type":"Percentage","status":"Active","start_date":"2021-10-10","expire_date":"2021-11-15","created_by":null,"updated_by":null,"created_at":"2021-11-15 03:38:16","updated_at":"2021-11-15 03:38:16"}
INFO - 2021-12-22 03:15:29 --> promoCode promocode_type ================:"Percentage"
INFO - 2021-12-22 03:15:29 --> promoCode promocode_discount ================:"33"
INFO - 2021-12-22 03:15:29 --> Data ready for post: {"createTransactionRequest":{"merchantAuthentication":{"name":"27wqm4EW593X","transactionKey":"5G9xwgq4864TMs8F"},"refId":429,"transactionRequest":{"transactionType":"authCaptureTransaction","amount":"34.95","payment":{"creditCard":{"cardNumber":"5424000000000015","expirationDate":"2025-11","cardCode":"999"}},"lineItems":{"lineItem":[{"itemId":516178090,"name":"Ear Natural\u00ae ear drops","description":"Truly a miraculous OTC medicine for ear-infections, so common among children.","quantity":"1","unitPrice":"45.00"}]},"shipping":{"amount":"4.95","name":"S\/H Fee","description":"S\/H Fee"},"customer":{"id":429},"billTo":{"firstName":"vishnu agrawal","lastName":"","company":"","address":"47 green city 47 green city","city":"jaipur","state":"AK","zip":"12558","country":""},"shipTo":{"firstName":"vishnu agrawal","lastName":"","company":"","address":"101 londan home kanti nagar","city":"jaipur","state":"AK","zip":"12345","country":""},"customerIP":"183.83.47.184","userFields":{"userField":[{"name":"customer_id","value":429}]},"processingOptions":{"isSubsequentAuth":"true"},"subsequentAuthInformation":{"originalNetworkTransId":"123456789NNNH","originalAuthAmount":"34.95","reason":"resubmission"},"authorizationIndicatorType":{"authorizationIndicator":"final"}}}}
INFO - 2021-12-22 03:15:29 --> Data ready for post to URL: https://apitest.authorize.net/xml/v1/request.api
INFO - 2021-12-22 03:15:30 --> Response Message: {"transactionResponse":{"responseCode":"1","authCode":"000000","avsResultCode":"Y","cvvResultCode":"P","cavvResultCode":"2","transId":"60182649776","refTransID":"","transHash":"","testRequest":"0","accountNumber":"XXXX0015","accountType":"MasterCard","messages":[{"code":"1","description":"This transaction has been approved."}],"userFields":[{"name":"customer_id","value":"429"}],"transHashSha2":"","SupplementalDataQualificationIndicator":0,"networkTransId":"00000000000000000000000"},"refId":"429","messages":{"resultCode":"Ok","message":[{"code":"I00001","text":"Successful."}]}} 
INFO - 2021-12-22 03:15:30 --> Cusotmer Email sent
INFO - 2021-12-22 03:15:31 --> Admin Email sent
INFO - 2021-12-22 03:15:31 --> Transaction success with code 1 and return the error:  This transaction has been approved. : 
CRITICAL - 2021-12-22 03:43:40 --> Argument 1 passed to net\authorize\api\controller\CreateTransactionController::__construct() must be an instance of net\authorize\api\contract\v1\AnetApiRequestType, instance of App\Entities\CreateTransactionRequest given, called in /home/tchandipg/public_html/staging.earnatural.com/app/Controllers/Test.php on line 107
#0 /home/tchandipg/public_html/staging.earnatural.com/app/Controllers/Test.php(107): net\authorize\api\controller\CreateTransactionController->__construct(Object(App\Entities\CreateTransactionRequest))
#1 /home/tchandipg/public_html/staging.earnatural.com/vendor/codeigniter4/framework/system/CodeIgniter.php(824): App\Controllers\Test->chargeCreditCard('25')
#2 /home/tchandipg/public_html/staging.earnatural.com/vendor/codeigniter4/framework/system/CodeIgniter.php(410): CodeIgniter\CodeIgniter->runController(Object(App\Controllers\Test))
#3 /home/tchandipg/public_html/staging.earnatural.com/vendor/codeigniter4/framework/system/CodeIgniter.php(318): CodeIgniter\CodeIgniter->handleRequest(NULL, Object(Config\Cache), false)
#4 /home/tchandipg/public_html/staging.earnatural.com/index.php(37): CodeIgniter\CodeIgniter->run()
#5 {main}
CRITICAL - 2021-12-22 04:02:59 --> Undefined variable: post_url
#0 /home/tchandipg/public_html/staging.earnatural.com/app/Utils/HttpClient.php(67): CodeIgniter\Debug\Exceptions->errorHandler(8, 'Undefined varia...', '/home/tchandipg...', 67, Array)
#1 /home/tchandipg/public_html/staging.earnatural.com/app/Controllers/base/ApiOperationBase.php(143): App\Utils\HttpClient->_sendRequest('{"createTransac...')
#2 /home/tchandipg/public_html/staging.earnatural.com/app/Controllers/base/ApiOperationBase.php(109): App\Controllers\base\ApiOperationBase->execute('https://apitest...')
#3 /home/tchandipg/public_html/staging.earnatural.com/app/Controllers/Test.php(109): App\Controllers\base\ApiOperationBase->executeWithApiResponse('https://apitest...')
#4 /home/tchandipg/public_html/staging.earnatural.com/vendor/codeigniter4/framework/system/CodeIgniter.php(824): App\Controllers\Test->chargeCreditCard('25')
#5 /home/tchandipg/public_html/staging.earnatural.com/vendor/codeigniter4/framework/system/CodeIgniter.php(410): CodeIgniter\CodeIgniter->runController(Object(App\Controllers\Test))
#6 /home/tchandipg/public_html/staging.earnatural.com/vendor/codeigniter4/framework/system/CodeIgniter.php(318): CodeIgniter\CodeIgniter->handleRequest(NULL, Object(Config\Cache), false)
#7 /home/tchandipg/public_html/staging.earnatural.com/index.php(37): CodeIgniter\CodeIgniter->run()
#8 {main}
CRITICAL - 2021-12-22 04:18:27 --> Cannot declare class net\authorize\api\contract\v1\CreateTransactionResponse, because the name is already in use
#0 [internal function]: CodeIgniter\Debug\Exceptions->shutdownHandler()
#1 {main}
CRITICAL - 2021-12-22 04:21:21 --> Class 'App\Entities\ANetApiResponseType' not found
#0 /home/tchandipg/public_html/staging.earnatural.com/vendor/codeigniter4/framework/system/Autoloader/Autoloader.php(264): include_once()
#1 /home/tchandipg/public_html/staging.earnatural.com/vendor/codeigniter4/framework/system/Autoloader/Autoloader.php(241): CodeIgniter\Autoloader\Autoloader->includeFile('/home/tchandipg...')
#2 /home/tchandipg/public_html/staging.earnatural.com/vendor/codeigniter4/framework/system/Autoloader/Autoloader.php(219): CodeIgniter\Autoloader\Autoloader->loadInNamespace('App\\Entities\\Cr...')
#3 [internal function]: CodeIgniter\Autoloader\Autoloader->loadClass('App\\Entities\\Cr...')
#4 /home/tchandipg/public_html/staging.earnatural.com/app/Controllers/base/ApiOperationBase.php(155): spl_autoload_call('App\\Entities\\Cr...')
#5 /home/tchandipg/public_html/staging.earnatural.com/app/Controllers/base/ApiOperationBase.php(109): App\Controllers\base\ApiOperationBase->execute('https://apitest...')
#6 /home/tchandipg/public_html/staging.earnatural.com/app/Controllers/Test.php(109): App\Controllers\base\ApiOperationBase->executeWithApiResponse('https://apitest...')
#7 /home/tchandipg/public_html/staging.earnatural.com/vendor/codeigniter4/framework/system/CodeIgniter.php(824): App\Controllers\Test->chargeCreditCard('25')
#8 /home/tchandipg/public_html/staging.earnatural.com/vendor/codeigniter4/framework/system/CodeIgniter.php(410): CodeIgniter\CodeIgniter->runController(Object(App\Controllers\Test))
#9 /home/tchandipg/public_html/staging.earnatural.com/vendor/codeigniter4/framework/system/CodeIgniter.php(318): CodeIgniter\CodeIgniter->handleRequest(NULL, Object(Config\Cache), false)
#10 /home/tchandipg/public_html/staging.earnatural.com/index.php(37): CodeIgniter\CodeIgniter->run()
#11 {main}
CRITICAL - 2021-12-22 04:24:41 --> Call to a member function getResultCode() on null
#0 /home/tchandipg/public_html/staging.earnatural.com/vendor/codeigniter4/framework/system/CodeIgniter.php(824): App\Controllers\Test->chargeCreditCard('25')
#1 /home/tchandipg/public_html/staging.earnatural.com/vendor/codeigniter4/framework/system/CodeIgniter.php(410): CodeIgniter\CodeIgniter->runController(Object(App\Controllers\Test))
#2 /home/tchandipg/public_html/staging.earnatural.com/vendor/codeigniter4/framework/system/CodeIgniter.php(318): CodeIgniter\CodeIgniter->handleRequest(NULL, Object(Config\Cache), false)
#3 /home/tchandipg/public_html/staging.earnatural.com/index.php(37): CodeIgniter\CodeIgniter->run()
#4 {main}
CRITICAL - 2021-12-22 04:25:50 --> Call to a member function getResultCode() on null
#0 /home/tchandipg/public_html/staging.earnatural.com/vendor/codeigniter4/framework/system/CodeIgniter.php(824): App\Controllers\Test->chargeCreditCard('25')
#1 /home/tchandipg/public_html/staging.earnatural.com/vendor/codeigniter4/framework/system/CodeIgniter.php(410): CodeIgniter\CodeIgniter->runController(Object(App\Controllers\Test))
#2 /home/tchandipg/public_html/staging.earnatural.com/vendor/codeigniter4/framework/system/CodeIgniter.php(318): CodeIgniter\CodeIgniter->handleRequest(NULL, Object(Config\Cache), false)
#3 /home/tchandipg/public_html/staging.earnatural.com/index.php(37): CodeIgniter\CodeIgniter->run()
#4 {main}
CRITICAL - 2021-12-22 04:25:53 --> Call to a member function getResultCode() on null
#0 /home/tchandipg/public_html/staging.earnatural.com/vendor/codeigniter4/framework/system/CodeIgniter.php(824): App\Controllers\Test->chargeCreditCard('25')
#1 /home/tchandipg/public_html/staging.earnatural.com/vendor/codeigniter4/framework/system/CodeIgniter.php(410): CodeIgniter\CodeIgniter->runController(Object(App\Controllers\Test))
#2 /home/tchandipg/public_html/staging.earnatural.com/vendor/codeigniter4/framework/system/CodeIgniter.php(318): CodeIgniter\CodeIgniter->handleRequest(NULL, Object(Config\Cache), false)
#3 /home/tchandipg/public_html/staging.earnatural.com/index.php(37): CodeIgniter\CodeIgniter->run()
#4 {main}
CRITICAL - 2021-12-22 04:26:57 --> Call to a member function getResultCode() on null
#0 /home/tchandipg/public_html/staging.earnatural.com/vendor/codeigniter4/framework/system/CodeIgniter.php(824): App\Controllers\Test->chargeCreditCard('25')
#1 /home/tchandipg/public_html/staging.earnatural.com/vendor/codeigniter4/framework/system/CodeIgniter.php(410): CodeIgniter\CodeIgniter->runController(Object(App\Controllers\Test))
#2 /home/tchandipg/public_html/staging.earnatural.com/vendor/codeigniter4/framework/system/CodeIgniter.php(318): CodeIgniter\CodeIgniter->handleRequest(NULL, Object(Config\Cache), false)
#3 /home/tchandipg/public_html/staging.earnatural.com/index.php(37): CodeIgniter\CodeIgniter->run()
#4 {main}
CRITICAL - 2021-12-22 04:39:06 --> Call to a member function getResultCode() on null
#0 /home/tchandipg/public_html/staging.earnatural.com/vendor/codeigniter4/framework/system/CodeIgniter.php(824): App\Controllers\Test->chargeCreditCard('25')
#1 /home/tchandipg/public_html/staging.earnatural.com/vendor/codeigniter4/framework/system/CodeIgniter.php(410): CodeIgniter\CodeIgniter->runController(Object(App\Controllers\Test))
#2 /home/tchandipg/public_html/staging.earnatural.com/vendor/codeigniter4/framework/system/CodeIgniter.php(318): CodeIgniter\CodeIgniter->handleRequest(NULL, Object(Config\Cache), false)
#3 /home/tchandipg/public_html/staging.earnatural.com/index.php(37): CodeIgniter\CodeIgniter->run()
#4 {main}
CRITICAL - 2021-12-22 04:40:24 --> Call to a member function getResultCode() on null
#0 /home/tchandipg/public_html/staging.earnatural.com/vendor/codeigniter4/framework/system/CodeIgniter.php(824): App\Controllers\Test->chargeCreditCard('25')
#1 /home/tchandipg/public_html/staging.earnatural.com/vendor/codeigniter4/framework/system/CodeIgniter.php(410): CodeIgniter\CodeIgniter->runController(Object(App\Controllers\Test))
#2 /home/tchandipg/public_html/staging.earnatural.com/vendor/codeigniter4/framework/system/CodeIgniter.php(318): CodeIgniter\CodeIgniter->handleRequest(NULL, Object(Config\Cache), false)
#3 /home/tchandipg/public_html/staging.earnatural.com/index.php(37): CodeIgniter\CodeIgniter->run()
#4 {main}
CRITICAL - 2021-12-22 04:46:47 --> json_decode() expects parameter 1 to be string, object given
#0 [internal function]: CodeIgniter\Debug\Exceptions->errorHandler(2, 'json_decode() e...', '/home/tchandipg...', 112, Array)
#1 /home/tchandipg/public_html/staging.earnatural.com/app/Controllers/Test.php(112): json_decode(Object(App\Entities\CreateTransactionResponse))
#2 /home/tchandipg/public_html/staging.earnatural.com/vendor/codeigniter4/framework/system/CodeIgniter.php(824): App\Controllers\Test->chargeCreditCard('25')
#3 /home/tchandipg/public_html/staging.earnatural.com/vendor/codeigniter4/framework/system/CodeIgniter.php(410): CodeIgniter\CodeIgniter->runController(Object(App\Controllers\Test))
#4 /home/tchandipg/public_html/staging.earnatural.com/vendor/codeigniter4/framework/system/CodeIgniter.php(318): CodeIgniter\CodeIgniter->handleRequest(NULL, Object(Config\Cache), false)
#5 /home/tchandipg/public_html/staging.earnatural.com/index.php(37): CodeIgniter\CodeIgniter->run()
#6 {main}
CRITICAL - 2021-12-22 04:47:23 --> Call to a member function getResultCode() on null
#0 /home/tchandipg/public_html/staging.earnatural.com/vendor/codeigniter4/framework/system/CodeIgniter.php(824): App\Controllers\Test->chargeCreditCard('25')
#1 /home/tchandipg/public_html/staging.earnatural.com/vendor/codeigniter4/framework/system/CodeIgniter.php(410): CodeIgniter\CodeIgniter->runController(Object(App\Controllers\Test))
#2 /home/tchandipg/public_html/staging.earnatural.com/vendor/codeigniter4/framework/system/CodeIgniter.php(318): CodeIgniter\CodeIgniter->handleRequest(NULL, Object(Config\Cache), false)
#3 /home/tchandipg/public_html/staging.earnatural.com/index.php(37): CodeIgniter\CodeIgniter->run()
#4 {main}
CRITICAL - 2021-12-22 04:50:33 --> Call to a member function getResultCode() on null
#0 /home/tchandipg/public_html/staging.earnatural.com/vendor/codeigniter4/framework/system/CodeIgniter.php(824): App\Controllers\Test->chargeCreditCard('25')
#1 /home/tchandipg/public_html/staging.earnatural.com/vendor/codeigniter4/framework/system/CodeIgniter.php(410): CodeIgniter\CodeIgniter->runController(Object(App\Controllers\Test))
#2 /home/tchandipg/public_html/staging.earnatural.com/vendor/codeigniter4/framework/system/CodeIgniter.php(318): CodeIgniter\CodeIgniter->handleRequest(NULL, Object(Config\Cache), false)
#3 /home/tchandipg/public_html/staging.earnatural.com/index.php(37): CodeIgniter\CodeIgniter->run()
#4 {main}
CRITICAL - 2021-12-22 04:50:52 --> Call to a member function getResultCode() on null
#0 /home/tchandipg/public_html/staging.earnatural.com/vendor/codeigniter4/framework/system/CodeIgniter.php(824): App\Controllers\Test->chargeCreditCard('25')
#1 /home/tchandipg/public_html/staging.earnatural.com/vendor/codeigniter4/framework/system/CodeIgniter.php(410): CodeIgniter\CodeIgniter->runController(Object(App\Controllers\Test))
#2 /home/tchandipg/public_html/staging.earnatural.com/vendor/codeigniter4/framework/system/CodeIgniter.php(318): CodeIgniter\CodeIgniter->handleRequest(NULL, Object(Config\Cache), false)
#3 /home/tchandipg/public_html/staging.earnatural.com/index.php(37): CodeIgniter\CodeIgniter->run()
#4 {main}
CRITICAL - 2021-12-22 05:04:18 --> Call to a member function getResultCode() on null
#0 /home/tchandipg/public_html/staging.earnatural.com/vendor/codeigniter4/framework/system/CodeIgniter.php(824): App\Controllers\Test->chargeCreditCard('25')
#1 /home/tchandipg/public_html/staging.earnatural.com/vendor/codeigniter4/framework/system/CodeIgniter.php(410): CodeIgniter\CodeIgniter->runController(Object(App\Controllers\Test))
#2 /home/tchandipg/public_html/staging.earnatural.com/vendor/codeigniter4/framework/system/CodeIgniter.php(318): CodeIgniter\CodeIgniter->handleRequest(NULL, Object(Config\Cache), false)
#3 /home/tchandipg/public_html/staging.earnatural.com/index.php(37): CodeIgniter\CodeIgniter->run()
#4 {main}
CRITICAL - 2021-12-22 05:27:25 --> Class 'App\Entities\TransactionResponseType' not found
#0 /home/tchandipg/public_html/staging.earnatural.com/app/Controllers/base/ApiOperationBase.php(157): App\Entities\CreateTransactionResponse->set(Array)
#1 /home/tchandipg/public_html/staging.earnatural.com/app/Controllers/base/ApiOperationBase.php(109): App\Controllers\base\ApiOperationBase->execute('https://apitest...')
#2 /home/tchandipg/public_html/staging.earnatural.com/app/Controllers/Test.php(109): App\Controllers\base\ApiOperationBase->executeWithApiResponse('https://apitest...')
#3 /home/tchandipg/public_html/staging.earnatural.com/vendor/codeigniter4/framework/system/CodeIgniter.php(824): App\Controllers\Test->chargeCreditCard('25')
#4 /home/tchandipg/public_html/staging.earnatural.com/vendor/codeigniter4/framework/system/CodeIgniter.php(410): CodeIgniter\CodeIgniter->runController(Object(App\Controllers\Test))
#5 /home/tchandipg/public_html/staging.earnatural.com/vendor/codeigniter4/framework/system/CodeIgniter.php(318): CodeIgniter\CodeIgniter->handleRequest(NULL, Object(Config\Cache), false)
#6 /home/tchandipg/public_html/staging.earnatural.com/index.php(37): CodeIgniter\CodeIgniter->run()
#7 {main}
CRITICAL - 2021-12-22 05:30:30 --> Class 'App\Entities\TransactionResponseType\MessagesAType\MessageAType' not found
#0 /home/tchandipg/public_html/staging.earnatural.com/app/Entities/CreateTransactionResponse.php(101): App\Entities\TransactionResponseType->set(Array)
#1 /home/tchandipg/public_html/staging.earnatural.com/app/Controllers/base/ApiOperationBase.php(157): App\Entities\CreateTransactionResponse->set(Array)
#2 /home/tchandipg/public_html/staging.earnatural.com/app/Controllers/base/ApiOperationBase.php(109): App\Controllers\base\ApiOperationBase->execute('https://apitest...')
#3 /home/tchandipg/public_html/staging.earnatural.com/app/Controllers/Test.php(109): App\Controllers\base\ApiOperationBase->executeWithApiResponse('https://apitest...')
#4 /home/tchandipg/public_html/staging.earnatural.com/vendor/codeigniter4/framework/system/CodeIgniter.php(824): App\Controllers\Test->chargeCreditCard('25')
#5 /home/tchandipg/public_html/staging.earnatural.com/vendor/codeigniter4/framework/system/CodeIgniter.php(410): CodeIgniter\CodeIgniter->runController(Object(App\Controllers\Test))
#6 /home/tchandipg/public_html/staging.earnatural.com/vendor/codeigniter4/framework/system/CodeIgniter.php(318): CodeIgniter\CodeIgniter->handleRequest(NULL, Object(Config\Cache), false)
#7 /home/tchandipg/public_html/staging.earnatural.com/index.php(37): CodeIgniter\CodeIgniter->run()
#8 {main}
CRITICAL - 2021-12-22 06:09:32 --> Cannot declare class App\Entities\TransactionRequestType\MessagesAType\MessageAType, because the name is already in use
#0 [internal function]: CodeIgniter\Debug\Exceptions->shutdownHandler()
#1 {main}
CRITICAL - 2021-12-22 23:34:35 --> Undefined variable: amount
#0 /home/tchandipg/public_html/staging.earnatural.com/app/Controllers/Payment.php(94): CodeIgniter\Debug\Exceptions->errorHandler(8, 'Undefined varia...', '/home/tchandipg...', 94, Array)
#1 /home/tchandipg/public_html/staging.earnatural.com/vendor/codeigniter4/framework/system/CodeIgniter.php(824): App\Controllers\Payment->chargeCreditCard()
#2 /home/tchandipg/public_html/staging.earnatural.com/vendor/codeigniter4/framework/system/CodeIgniter.php(410): CodeIgniter\CodeIgniter->runController(Object(App\Controllers\Payment))
#3 /home/tchandipg/public_html/staging.earnatural.com/vendor/codeigniter4/framework/system/CodeIgniter.php(318): CodeIgniter\CodeIgniter->handleRequest(NULL, Object(Config\Cache), false)
#4 /home/tchandipg/public_html/staging.earnatural.com/index.php(37): CodeIgniter\CodeIgniter->run()
#5 {main}
CRITICAL - 2021-12-22 23:40:02 --> Undefined variable: amount
#0 /home/tchandipg/public_html/staging.earnatural.com/app/Controllers/Payment.php(94): CodeIgniter\Debug\Exceptions->errorHandler(8, 'Undefined varia...', '/home/tchandipg...', 94, Array)
#1 /home/tchandipg/public_html/staging.earnatural.com/vendor/codeigniter4/framework/system/CodeIgniter.php(824): App\Controllers\Payment->chargeCreditCard()
#2 /home/tchandipg/public_html/staging.earnatural.com/vendor/codeigniter4/framework/system/CodeIgniter.php(410): CodeIgniter\CodeIgniter->runController(Object(App\Controllers\Payment))
#3 /home/tchandipg/public_html/staging.earnatural.com/vendor/codeigniter4/framework/system/CodeIgniter.php(318): CodeIgniter\CodeIgniter->handleRequest(NULL, Object(Config\Cache), false)
#4 /home/tchandipg/public_html/staging.earnatural.com/index.php(37): CodeIgniter\CodeIgniter->run()
#5 {main}
